<?xml version="1.0" encoding="UTF-8"?>
<!-- Generated by org.testng.reporters.JUnitXMLReporter -->
<testsuite ignored="0" hostname="LAPTOP-71D16QSE" failures="1" tests="13" name="Authentication Tests" time="9.687" errors="0" timestamp="2026-03-23T10:08:02 IST">
  <testcase classname="com.api.tests.auth.AuthTest" name="testLoginDeserializationToPojo" time="4.144"/>
  <testcase classname="com.api.tests.auth.AuthTest" name="testLoginMissingEmail" time="1.545"/>
  <testcase classname="com.api.tests.auth.AuthTest" name="testLoginMissingPassword" time="0.382"/>
  <testcase classname="com.api.tests.auth.AuthTest" name="testLoginTokenIsValidString" time="0.269"/>
  <testcase classname="com.api.tests.auth.AuthTest" name="testLoginWithInvalidCredentials" time="0.676"/>
  <testcase classname="com.api.tests.auth.AuthTest" name="testLoginWithMapPayload" time="0.261"/>
  <testcase classname="com.api.tests.auth.AuthTest" name="testLoginWithValidCredentials" time="0.256"/>
  <testcase classname="com.api.tests.auth.AuthTest" name="testLogout" time="0.236">
    <failure type="java.lang.AssertionError" message="[Status code mismatch] 
expected: 200
 but was: 400">
      <![CDATA[java.lang.AssertionError: [Status code mismatch] 
expected: 200
 but was: 400
at com.api.framework.utils.ResponseValidator.validateStatusCode(ResponseValidator.java:31)
at com.api.framework.utils.ResponseValidator.validateStatusCode200(ResponseValidator.java:35)
at com.api.tests.auth.AuthTest.testLogout(AuthTest.java:261)
at java.base/jdk.internal.reflect.NativeMethodAccessorImpl.invoke0(Native Method)
at java.base/jdk.internal.reflect.NativeMethodAccessorImpl.invoke(NativeMethodAccessorImpl.java:62)
at java.base/jdk.internal.reflect.DelegatingMethodAccessorImpl.invoke(DelegatingMethodAccessorImpl.java:43)
at java.base/java.lang.reflect.Method.invoke(Method.java:566)
at org.testng.internal.invokers.MethodInvocationHelper.invokeMethod(MethodInvocationHelper.java:139)
at org.testng.internal.invokers.TestInvoker.invokeMethod(TestInvoker.java:664)
at org.testng.internal.invokers.TestInvoker.invokeTestMethod(TestInvoker.java:228)
at org.testng.internal.invokers.MethodRunner.runInSequence(MethodRunner.java:63)
at org.testng.internal.invokers.TestInvoker$MethodInvocationAgent.invoke(TestInvoker.java:961)
at org.testng.internal.invokers.TestInvoker.invokeTestMethods(TestInvoker.java:201)
at org.testng.internal.invokers.TestMethodWorker.invokeTestMethods(TestMethodWorker.java:148)
at org.testng.internal.invokers.TestMethodWorker.run(TestMethodWorker.java:128)
at java.base/java.util.concurrent.Executors$RunnableAdapter.call(Executors.java:515)
at java.base/java.util.concurrent.FutureTask.run(FutureTask.java:264)
at org.testng.internal.thread.graph.TestNGFutureTask.run(TestNGFutureTask.java:22)
at java.base/java.util.concurrent.ThreadPoolExecutor.runWorker(ThreadPoolExecutor.java:1128)
at java.base/java.util.concurrent.ThreadPoolExecutor$Worker.run(ThreadPoolExecutor.java:628)
at java.base/java.lang.Thread.run(Thread.java:834)
]]>
    </failure>
  </testcase> <!-- testLogout -->
  <testcase classname="com.api.tests.auth.AuthTest" name="testRegisterDeserializationToPojo" time="0.22"/>
  <testcase classname="com.api.tests.auth.AuthTest" name="testRegisterMissingPassword" time="0.237"/>
  <testcase classname="com.api.tests.auth.AuthTest" name="testRegisterWithUnknownEmail" time="0.235"/>
  <testcase classname="com.api.tests.auth.AuthTest" name="testRegisterWithValidPayload" time="0.265"/>
  <testcase classname="com.api.tests.auth.AuthTest" name="testTokenUsedAsAuthHeader" time="0.47"/>
</testsuite> <!-- Authentication Tests -->
