<?xml version="1.0" encoding="UTF-8"?>
<!-- Generated by org.testng.reporters.JUnitXMLReporter -->
<testsuite ignored="0" hostname="LAPTOP-71D16QSE" failures="0" tests="21" name="Posts CRUD Tests" time="15.094" errors="0" timestamp="2026-03-23T10:08:28 IST">
  <testcase classname="com.api.tests.posts.PostsTest" name="testAllPostsHaveRequiredFields" time="0.534"/>
  <testcase classname="com.api.tests.posts.PostsTest" name="testCollectUniqueUserIds" time="0.529"/>
  <testcase classname="com.api.tests.posts.PostsTest" name="testCommentsHaveEmailField" time="0.552"/>
  <testcase classname="com.api.tests.posts.PostsTest" name="testCommentsViaQueryParamVsNestedPath" time="0.873"/>
  <testcase classname="com.api.tests.posts.PostsTest" name="testCreatePost" time="0.816"/>
  <testcase classname="com.api.tests.posts.PostsTest" name="testCreatePostDeserializeToPojo" time="0.619"/>
  <testcase classname="com.api.tests.posts.PostsTest" name="testCreatePostWithMap" time="0.604"/>
  <testcase classname="com.api.tests.posts.PostsTest" name="testDeletePost" time="1.286"/>
  <testcase classname="com.api.tests.posts.PostsTest" name="testExtractAllTitlesWithGPath" time="0.607"/>
  <testcase classname="com.api.tests.posts.PostsTest" name="testGPathFilterPostsByUserId" time="0.46"/>
  <testcase classname="com.api.tests.posts.PostsTest" name="testGetAllPostsReturns100" time="0.465"/>
  <testcase classname="com.api.tests.posts.PostsTest" name="testGetCommentsForPost" time="0.529"/>
  <testcase classname="com.api.tests.posts.PostsTest" name="testGetPostByIdParameterized" time="0.494"/>
  <testcase classname="com.api.tests.posts.PostsTest" name="testGetPostByIdParameterized" time="0.431"/>
  <testcase classname="com.api.tests.posts.PostsTest" name="testGetPostByIdParameterized" time="0.42"/>
  <testcase classname="com.api.tests.posts.PostsTest" name="testGetPostByIdParameterized" time="0.441"/>
  <testcase classname="com.api.tests.posts.PostsTest" name="testGetPostByInvalidIdReturns404" time="0.395"/>
  <testcase classname="com.api.tests.posts.PostsTest" name="testGetPostSoftAssertions" time="2.786"/>
  <testcase classname="com.api.tests.posts.PostsTest" name="testGetPostsByUserId" time="0.419"/>
  <testcase classname="com.api.tests.posts.PostsTest" name="testPatchPost" time="0.804"/>
  <testcase classname="com.api.tests.posts.PostsTest" name="testUpdatePostWithPut" time="0.739"/>
</testsuite> <!-- Posts CRUD Tests -->
