<?xml version="1.0" encoding="UTF-8"?>
<!-- Generated by org.testng.reporters.JUnitXMLReporter -->
<testsuite ignored="0" hostname="LAPTOP-71D16QSE" failures="0" tests="6" name="Resources Tests" time="1.847" errors="0" timestamp="2026-03-23T10:08:13 IST">
  <testcase classname="com.api.tests.users.ResourcesTest" name="testGetInvalidResourceReturns404" time="0.35"/>
  <testcase classname="com.api.tests.users.ResourcesTest" name="testGetResourceById" time="0.379"/>
  <testcase classname="com.api.tests.users.ResourcesTest" name="testGetResourcesReturns200" time="0.226"/>
  <testcase classname="com.api.tests.users.ResourcesTest" name="testResourceColorFormat" time="0.217"/>
  <testcase classname="com.api.tests.users.ResourcesTest" name="testResourceFieldsExist" time="0.299"/>
  <testcase classname="com.api.tests.users.ResourcesTest" name="testResourcesPaginationFields" time="0.295"/>
</testsuite> <!-- Resources Tests -->
