<?xml version="1.0" encoding="UTF-8"?>
<!-- Generated by org.testng.reporters.JUnitXMLReporter -->
<testsuite ignored="0" hostname="LAPTOP-71D16QSE" failures="0" tests="13" name="User Create-Update-Delete Tests" time="4.058" errors="0" timestamp="2026-03-23T10:08:11 IST">
  <testcase classname="com.api.tests.users.CreateUpdateDeleteUserTest" name="testCreateUserCreatedAtNotBlank" time="0.251"/>
  <testcase classname="com.api.tests.users.CreateUpdateDeleteUserTest" name="testCreateUserDeserializationToPojo" time="0.216"/>
  <testcase classname="com.api.tests.users.CreateUpdateDeleteUserTest" name="testCreateUserIdsAreUnique" time="0.456"/>
  <testcase classname="com.api.tests.users.CreateUpdateDeleteUserTest" name="testCreateUserWithEmptyBody" time="0.214"/>
  <testcase classname="com.api.tests.users.CreateUpdateDeleteUserTest" name="testCreateUserWithMapBody" time="0.238"/>
  <testcase classname="com.api.tests.users.CreateUpdateDeleteUserTest" name="testCreateUserWithPojo" time="0.283"/>
  <testcase classname="com.api.tests.users.CreateUpdateDeleteUserTest" name="testCreateUserWithRawJson" time="0.225"/>
  <testcase classname="com.api.tests.users.CreateUpdateDeleteUserTest" name="testDeleteMultipleUsersReturn204" time="0.624"/>
  <testcase classname="com.api.tests.users.CreateUpdateDeleteUserTest" name="testDeleteUserReturns204" time="0.215"/>
  <testcase classname="com.api.tests.users.CreateUpdateDeleteUserTest" name="testPatchUserJob" time="0.271"/>
  <testcase classname="com.api.tests.users.CreateUpdateDeleteUserTest" name="testPatchUserName" time="0.221"/>
  <testcase classname="com.api.tests.users.CreateUpdateDeleteUserTest" name="testPutResponseReflectsPayload" time="0.395"/>
  <testcase classname="com.api.tests.users.CreateUpdateDeleteUserTest" name="testUpdateUserWithPut" time="0.268"/>
</testsuite> <!-- User Create-Update-Delete Tests -->
