<?xml version="1.0" encoding="UTF-8"?>
<!-- Generated by org.testng.reporters.JUnitXMLReporter -->
<testsuite ignored="0" hostname="LAPTOP-71D16QSE" failures="0" tests="15" name="User GET Tests" time="5.426" errors="0" timestamp="2026-03-23T10:08:07 IST">
  <testcase classname="com.api.tests.users.GetUsersTest" name="testAllUserIdsArePositive" time="0.45"/>
  <testcase classname="com.api.tests.users.GetUsersTest" name="testGetUserAvatarIsHttpsUrl" time="0.411"/>
  <testcase classname="com.api.tests.users.GetUsersTest" name="testGetUserByIdDeserializationToPojo" time="0.241"/>
  <testcase classname="com.api.tests.users.GetUsersTest" name="testGetUserByIdReturns200" time="0.475"/>
  <testcase classname="com.api.tests.users.GetUsersTest" name="testGetUserByInvalidIdReturns404" time="0.394"/>
  <testcase classname="com.api.tests.users.GetUsersTest" name="testGetUserResponseTime" time="0.226"/>
  <testcase classname="com.api.tests.users.GetUsersTest" name="testGetUsersDataFieldsNotNull" time="0.401"/>
  <testcase classname="com.api.tests.users.GetUsersTest" name="testGetUsersDataListNotEmpty" time="0.317"/>
  <testcase classname="com.api.tests.users.GetUsersTest" name="testGetUsersDeserializationToPojo" time="0.249"/>
  <testcase classname="com.api.tests.users.GetUsersTest" name="testGetUsersEmailFormat" time="0.242"/>
  <testcase classname="com.api.tests.users.GetUsersTest" name="testGetUsersPage2ReturnsDifferentData" time="0.632"/>
  <testcase classname="com.api.tests.users.GetUsersTest" name="testGetUsersPaginationFields" time="0.29"/>
  <testcase classname="com.api.tests.users.GetUsersTest" name="testGetUsersPerPageParam" time="0.376"/>
  <testcase classname="com.api.tests.users.GetUsersTest" name="testGetUsersReturns200" time="0.236"/>
  <testcase classname="com.api.tests.users.GetUsersTest" name="testGetUsersSupportObject" time="0.24"/>
</testsuite> <!-- User GET Tests -->
