<?xml version="1.0" encoding="UTF-8"?>
<testng-results ignored="0" total="81" passed="79" failed="2" skipped="0">
  <reporter-output>
  </reporter-output>
  <suite started-at="2026-03-23T10:07:52 IST" name="RestAssured API Automation Suite" finished-at="2026-03-23T10:08:33 IST" duration-ms="41182">
    <groups>
    </groups>
    <test started-at="2026-03-23T10:07:52 IST" name="Authentication Tests" finished-at="2026-03-23T10:08:01 IST" duration-ms="9687">
      <class name="com.api.tests.auth.AuthTest">
        <test-method is-config="true" signature="beforeClass()[pri:0, instance:com.api.tests.auth.AuthTest@4f1afe8f]" started-at="2026-03-23T10:07:52 IST" name="beforeClass" finished-at="2026-03-23T10:07:52 IST" duration-ms="3" status="PASS">
          <reporter-output>
          </reporter-output>
        </test-method> <!-- beforeClass -->
        <test-method is-config="true" signature="beforeMethod(java.lang.reflect.Method)[pri:0, instance:com.api.tests.auth.AuthTest@4f1afe8f]" started-at="2026-03-23T10:07:52 IST" name="beforeMethod" finished-at="2026-03-23T10:07:52 IST" duration-ms="24" status="PASS">
          <params>
            <param index="0">
              <value>
                <![CDATA[public void com.api.tests.auth.AuthTest.testLoginDeserializationToPojo()]]>
              </value>
            </param>
          </params>
          <reporter-output>
          </reporter-output>
        </test-method> <!-- beforeMethod -->
        <test-method signature="testLoginDeserializationToPojo()[pri:0, instance:com.api.tests.auth.AuthTest@4f1afe8f]" started-at="2026-03-23T10:07:52 IST" name="testLoginDeserializationToPojo" description="POST /login — deserialize response to LoginResponse POJO" finished-at="2026-03-23T10:07:56 IST" duration-ms="4144" status="PASS">
          <reporter-output>
          </reporter-output>
        </test-method> <!-- testLoginDeserializationToPojo -->
        <test-method is-config="true" signature="afterMethod(org.testng.ITestResult)[pri:0, instance:com.api.tests.auth.AuthTest@4f1afe8f]" started-at="2026-03-23T10:07:56 IST" name="afterMethod" finished-at="2026-03-23T10:07:56 IST" duration-ms="2" status="PASS">
          <params>
            <param index="0">
              <value>
                <![CDATA[[TestResult name=testLoginDeserializationToPojo status=SUCCESS method=AuthTest.testLoginDeserializationToPojo()[pri:0, instance:com.api.tests.auth.AuthTest@4f1afe8f] output={null}]]]>
              </value>
            </param>
          </params>
          <reporter-output>
          </reporter-output>
        </test-method> <!-- afterMethod -->
        <test-method is-config="true" signature="beforeMethod(java.lang.reflect.Method)[pri:0, instance:com.api.tests.auth.AuthTest@4f1afe8f]" started-at="2026-03-23T10:07:56 IST" name="beforeMethod" finished-at="2026-03-23T10:07:56 IST" duration-ms="2" status="PASS">
          <params>
            <param index="0">
              <value>
                <![CDATA[public void com.api.tests.auth.AuthTest.testLoginMissingEmail()]]>
              </value>
            </param>
          </params>
          <reporter-output>
          </reporter-output>
        </test-method> <!-- beforeMethod -->
        <test-method signature="testLoginMissingEmail()[pri:0, instance:com.api.tests.auth.AuthTest@4f1afe8f]" started-at="2026-03-23T10:07:56 IST" name="testLoginMissingEmail" description="POST /login with missing email returns 400" finished-at="2026-03-23T10:07:58 IST" duration-ms="1545" status="PASS">
          <reporter-output>
          </reporter-output>
        </test-method> <!-- testLoginMissingEmail -->
        <test-method is-config="true" signature="afterMethod(org.testng.ITestResult)[pri:0, instance:com.api.tests.auth.AuthTest@4f1afe8f]" started-at="2026-03-23T10:07:58 IST" name="afterMethod" finished-at="2026-03-23T10:07:58 IST" duration-ms="1" status="PASS">
          <params>
            <param index="0">
              <value>
                <![CDATA[[TestResult name=testLoginMissingEmail status=SUCCESS method=AuthTest.testLoginMissingEmail()[pri:0, instance:com.api.tests.auth.AuthTest@4f1afe8f] output={null}]]]>
              </value>
            </param>
          </params>
          <reporter-output>
          </reporter-output>
        </test-method> <!-- afterMethod -->
        <test-method is-config="true" signature="beforeMethod(java.lang.reflect.Method)[pri:0, instance:com.api.tests.auth.AuthTest@4f1afe8f]" started-at="2026-03-23T10:07:58 IST" name="beforeMethod" finished-at="2026-03-23T10:07:58 IST" duration-ms="2" status="PASS">
          <params>
            <param index="0">
              <value>
                <![CDATA[public void com.api.tests.auth.AuthTest.testLoginMissingPassword()]]>
              </value>
            </param>
          </params>
          <reporter-output>
          </reporter-output>
        </test-method> <!-- beforeMethod -->
        <test-method signature="testLoginMissingPassword()[pri:0, instance:com.api.tests.auth.AuthTest@4f1afe8f]" started-at="2026-03-23T10:07:58 IST" name="testLoginMissingPassword" description="POST /login with missing password returns 400" finished-at="2026-03-23T10:07:58 IST" duration-ms="382" status="PASS">
          <reporter-output>
          </reporter-output>
        </test-method> <!-- testLoginMissingPassword -->
        <test-method is-config="true" signature="afterMethod(org.testng.ITestResult)[pri:0, instance:com.api.tests.auth.AuthTest@4f1afe8f]" started-at="2026-03-23T10:07:58 IST" name="afterMethod" finished-at="2026-03-23T10:07:58 IST" duration-ms="1" status="PASS">
          <params>
            <param index="0">
              <value>
                <![CDATA[[TestResult name=testLoginMissingPassword status=SUCCESS method=AuthTest.testLoginMissingPassword()[pri:0, instance:com.api.tests.auth.AuthTest@4f1afe8f] output={null}]]]>
              </value>
            </param>
          </params>
          <reporter-output>
          </reporter-output>
        </test-method> <!-- afterMethod -->
        <test-method is-config="true" signature="beforeMethod(java.lang.reflect.Method)[pri:0, instance:com.api.tests.auth.AuthTest@4f1afe8f]" started-at="2026-03-23T10:07:58 IST" name="beforeMethod" finished-at="2026-03-23T10:07:58 IST" duration-ms="1" status="PASS">
          <params>
            <param index="0">
              <value>
                <![CDATA[public void com.api.tests.auth.AuthTest.testLoginTokenIsValidString()]]>
              </value>
            </param>
          </params>
          <reporter-output>
          </reporter-output>
        </test-method> <!-- beforeMethod -->
        <test-method signature="testLoginTokenIsValidString()[pri:0, instance:com.api.tests.auth.AuthTest@4f1afe8f]" started-at="2026-03-23T10:07:58 IST" name="testLoginTokenIsValidString" description="Extracted token is valid and non-empty string" finished-at="2026-03-23T10:07:58 IST" duration-ms="269" status="PASS">
          <reporter-output>
          </reporter-output>
        </test-method> <!-- testLoginTokenIsValidString -->
        <test-method is-config="true" signature="afterMethod(org.testng.ITestResult)[pri:0, instance:com.api.tests.auth.AuthTest@4f1afe8f]" started-at="2026-03-23T10:07:58 IST" name="afterMethod" finished-at="2026-03-23T10:07:58 IST" duration-ms="1" status="PASS">
          <params>
            <param index="0">
              <value>
                <![CDATA[[TestResult name=testLoginTokenIsValidString status=SUCCESS method=AuthTest.testLoginTokenIsValidString()[pri:0, instance:com.api.tests.auth.AuthTest@4f1afe8f] output={null}]]]>
              </value>
            </param>
          </params>
          <reporter-output>
          </reporter-output>
        </test-method> <!-- afterMethod -->
        <test-method is-config="true" signature="beforeMethod(java.lang.reflect.Method)[pri:0, instance:com.api.tests.auth.AuthTest@4f1afe8f]" started-at="2026-03-23T10:07:59 IST" name="beforeMethod" finished-at="2026-03-23T10:07:59 IST" duration-ms="2" status="PASS">
          <params>
            <param index="0">
              <value>
                <![CDATA[public void com.api.tests.auth.AuthTest.testLoginWithInvalidCredentials()]]>
              </value>
            </param>
          </params>
          <reporter-output>
          </reporter-output>
        </test-method> <!-- beforeMethod -->
        <test-method signature="testLoginWithInvalidCredentials()[pri:0, instance:com.api.tests.auth.AuthTest@4f1afe8f]" started-at="2026-03-23T10:07:59 IST" name="testLoginWithInvalidCredentials" description="POST /login with invalid credentials returns 400 with error message" finished-at="2026-03-23T10:07:59 IST" duration-ms="676" status="PASS">
          <reporter-output>
          </reporter-output>
        </test-method> <!-- testLoginWithInvalidCredentials -->
        <test-method is-config="true" signature="afterMethod(org.testng.ITestResult)[pri:0, instance:com.api.tests.auth.AuthTest@4f1afe8f]" started-at="2026-03-23T10:07:59 IST" name="afterMethod" finished-at="2026-03-23T10:07:59 IST" duration-ms="1" status="PASS">
          <params>
            <param index="0">
              <value>
                <![CDATA[[TestResult name=testLoginWithInvalidCredentials status=SUCCESS method=AuthTest.testLoginWithInvalidCredentials()[pri:0, instance:com.api.tests.auth.AuthTest@4f1afe8f] output={null}]]]>
              </value>
            </param>
          </params>
          <reporter-output>
          </reporter-output>
        </test-method> <!-- afterMethod -->
        <test-method is-config="true" signature="beforeMethod(java.lang.reflect.Method)[pri:0, instance:com.api.tests.auth.AuthTest@4f1afe8f]" started-at="2026-03-23T10:07:59 IST" name="beforeMethod" finished-at="2026-03-23T10:07:59 IST" duration-ms="1" status="PASS">
          <params>
            <param index="0">
              <value>
                <![CDATA[public void com.api.tests.auth.AuthTest.testLoginWithMapPayload()]]>
              </value>
            </param>
          </params>
          <reporter-output>
          </reporter-output>
        </test-method> <!-- beforeMethod -->
        <test-method signature="testLoginWithMapPayload()[pri:0, instance:com.api.tests.auth.AuthTest@4f1afe8f]" started-at="2026-03-23T10:07:59 IST" name="testLoginWithMapPayload" description="POST /login with Map payload returns 200 and token" finished-at="2026-03-23T10:07:59 IST" duration-ms="261" status="PASS">
          <reporter-output>
          </reporter-output>
        </test-method> <!-- testLoginWithMapPayload -->
        <test-method is-config="true" signature="afterMethod(org.testng.ITestResult)[pri:0, instance:com.api.tests.auth.AuthTest@4f1afe8f]" started-at="2026-03-23T10:07:59 IST" name="afterMethod" finished-at="2026-03-23T10:07:59 IST" duration-ms="1" status="PASS">
          <params>
            <param index="0">
              <value>
                <![CDATA[[TestResult name=testLoginWithMapPayload status=SUCCESS method=AuthTest.testLoginWithMapPayload()[pri:0, instance:com.api.tests.auth.AuthTest@4f1afe8f] output={null}]]]>
              </value>
            </param>
          </params>
          <reporter-output>
          </reporter-output>
        </test-method> <!-- afterMethod -->
        <test-method is-config="true" signature="beforeMethod(java.lang.reflect.Method)[pri:0, instance:com.api.tests.auth.AuthTest@4f1afe8f]" started-at="2026-03-23T10:07:59 IST" name="beforeMethod" finished-at="2026-03-23T10:07:59 IST" duration-ms="1" status="PASS">
          <params>
            <param index="0">
              <value>
                <![CDATA[public void com.api.tests.auth.AuthTest.testLoginWithValidCredentials()]]>
              </value>
            </param>
          </params>
          <reporter-output>
          </reporter-output>
        </test-method> <!-- beforeMethod -->
        <test-method signature="testLoginWithValidCredentials()[pri:0, instance:com.api.tests.auth.AuthTest@4f1afe8f]" started-at="2026-03-23T10:07:59 IST" name="testLoginWithValidCredentials" description="POST /login with valid credentials returns 200 and token" finished-at="2026-03-23T10:08:00 IST" duration-ms="256" status="PASS">
          <reporter-output>
          </reporter-output>
        </test-method> <!-- testLoginWithValidCredentials -->
        <test-method is-config="true" signature="afterMethod(org.testng.ITestResult)[pri:0, instance:com.api.tests.auth.AuthTest@4f1afe8f]" started-at="2026-03-23T10:08:00 IST" name="afterMethod" finished-at="2026-03-23T10:08:00 IST" duration-ms="2" status="PASS">
          <params>
            <param index="0">
              <value>
                <![CDATA[[TestResult name=testLoginWithValidCredentials status=SUCCESS method=AuthTest.testLoginWithValidCredentials()[pri:0, instance:com.api.tests.auth.AuthTest@4f1afe8f] output={null}]]]>
              </value>
            </param>
          </params>
          <reporter-output>
          </reporter-output>
        </test-method> <!-- afterMethod -->
        <test-method is-config="true" signature="beforeMethod(java.lang.reflect.Method)[pri:0, instance:com.api.tests.auth.AuthTest@4f1afe8f]" started-at="2026-03-23T10:08:00 IST" name="beforeMethod" finished-at="2026-03-23T10:08:00 IST" duration-ms="2" status="PASS">
          <params>
            <param index="0">
              <value>
                <![CDATA[public void com.api.tests.auth.AuthTest.testLogout()]]>
              </value>
            </param>
          </params>
          <reporter-output>
          </reporter-output>
        </test-method> <!-- beforeMethod -->
        <test-method signature="testLogout()[pri:0, instance:com.api.tests.auth.AuthTest@4f1afe8f]" started-at="2026-03-23T10:08:00 IST" name="testLogout" description="POST /logout — verify response (ReqRes returns 200)" finished-at="2026-03-23T10:08:00 IST" duration-ms="236" status="FAIL">
          <exception class="java.lang.AssertionError">
            <message>
              <![CDATA[[Status code mismatch] 
expected: 200
 but was: 400]]>
            </message>
            <full-stacktrace>
              <![CDATA[java.lang.AssertionError: [Status code mismatch] 
expected: 200
 but was: 400
at com.api.framework.utils.ResponseValidator.validateStatusCode(ResponseValidator.java:31)
at com.api.framework.utils.ResponseValidator.validateStatusCode200(ResponseValidator.java:35)
at com.api.tests.auth.AuthTest.testLogout(AuthTest.java:261)
at java.base/jdk.internal.reflect.NativeMethodAccessorImpl.invoke0(Native Method)
at java.base/jdk.internal.reflect.NativeMethodAccessorImpl.invoke(NativeMethodAccessorImpl.java:62)
at java.base/jdk.internal.reflect.DelegatingMethodAccessorImpl.invoke(DelegatingMethodAccessorImpl.java:43)
at java.base/java.lang.reflect.Method.invoke(Method.java:566)
at org.testng.internal.invokers.MethodInvocationHelper.invokeMethod(MethodInvocationHelper.java:139)
at org.testng.internal.invokers.TestInvoker.invokeMethod(TestInvoker.java:664)
at org.testng.internal.invokers.TestInvoker.invokeTestMethod(TestInvoker.java:228)
at org.testng.internal.invokers.MethodRunner.runInSequence(MethodRunner.java:63)
at org.testng.internal.invokers.TestInvoker$MethodInvocationAgent.invoke(TestInvoker.java:961)
at org.testng.internal.invokers.TestInvoker.invokeTestMethods(TestInvoker.java:201)
at org.testng.internal.invokers.TestMethodWorker.invokeTestMethods(TestMethodWorker.java:148)
at org.testng.internal.invokers.TestMethodWorker.run(TestMethodWorker.java:128)
at java.base/java.util.concurrent.Executors$RunnableAdapter.call(Executors.java:515)
at java.base/java.util.concurrent.FutureTask.run(FutureTask.java:264)
at org.testng.internal.thread.graph.TestNGFutureTask.run(TestNGFutureTask.java:22)
at java.base/java.util.concurrent.ThreadPoolExecutor.runWorker(ThreadPoolExecutor.java:1128)
at java.base/java.util.concurrent.ThreadPoolExecutor$Worker.run(ThreadPoolExecutor.java:628)
at java.base/java.lang.Thread.run(Thread.java:834)
]]>
            </full-stacktrace>
          </exception> <!-- java.lang.AssertionError -->
          <reporter-output>
          </reporter-output>
        </test-method> <!-- testLogout -->
        <test-method is-config="true" signature="afterMethod(org.testng.ITestResult)[pri:0, instance:com.api.tests.auth.AuthTest@4f1afe8f]" started-at="2026-03-23T10:08:00 IST" name="afterMethod" finished-at="2026-03-23T10:08:00 IST" duration-ms="4" status="PASS">
          <params>
            <param index="0">
              <value>
                <![CDATA[[TestResult name=testLogout status=FAILURE method=AuthTest.testLogout()[pri:0, instance:com.api.tests.auth.AuthTest@4f1afe8f] output={null}]]]>
              </value>
            </param>
          </params>
          <reporter-output>
          </reporter-output>
        </test-method> <!-- afterMethod -->
        <test-method is-config="true" signature="beforeMethod(java.lang.reflect.Method)[pri:0, instance:com.api.tests.auth.AuthTest@4f1afe8f]" started-at="2026-03-23T10:08:00 IST" name="beforeMethod" finished-at="2026-03-23T10:08:00 IST" duration-ms="1" status="PASS">
          <params>
            <param index="0">
              <value>
                <![CDATA[public void com.api.tests.auth.AuthTest.testRegisterDeserializationToPojo()]]>
              </value>
            </param>
          </params>
          <reporter-output>
          </reporter-output>
        </test-method> <!-- beforeMethod -->
        <test-method signature="testRegisterDeserializationToPojo()[pri:0, instance:com.api.tests.auth.AuthTest@4f1afe8f]" started-at="2026-03-23T10:08:00 IST" name="testRegisterDeserializationToPojo" description="POST /register — deserialize to LoginResponse POJO" finished-at="2026-03-23T10:08:00 IST" duration-ms="220" status="PASS">
          <reporter-output>
          </reporter-output>
        </test-method> <!-- testRegisterDeserializationToPojo -->
        <test-method is-config="true" signature="afterMethod(org.testng.ITestResult)[pri:0, instance:com.api.tests.auth.AuthTest@4f1afe8f]" started-at="2026-03-23T10:08:00 IST" name="afterMethod" finished-at="2026-03-23T10:08:00 IST" duration-ms="0" status="PASS">
          <params>
            <param index="0">
              <value>
                <![CDATA[[TestResult name=testRegisterDeserializationToPojo status=SUCCESS method=AuthTest.testRegisterDeserializationToPojo()[pri:0, instance:com.api.tests.auth.AuthTest@4f1afe8f] output={null}]]]>
              </value>
            </param>
          </params>
          <reporter-output>
          </reporter-output>
        </test-method> <!-- afterMethod -->
        <test-method is-config="true" signature="beforeMethod(java.lang.reflect.Method)[pri:0, instance:com.api.tests.auth.AuthTest@4f1afe8f]" started-at="2026-03-23T10:08:00 IST" name="beforeMethod" finished-at="2026-03-23T10:08:00 IST" duration-ms="1" status="PASS">
          <params>
            <param index="0">
              <value>
                <![CDATA[public void com.api.tests.auth.AuthTest.testRegisterMissingPassword()]]>
              </value>
            </param>
          </params>
          <reporter-output>
          </reporter-output>
        </test-method> <!-- beforeMethod -->
        <test-method signature="testRegisterMissingPassword()[pri:0, instance:com.api.tests.auth.AuthTest@4f1afe8f]" started-at="2026-03-23T10:08:00 IST" name="testRegisterMissingPassword" description="POST /register with missing password returns 400" finished-at="2026-03-23T10:08:00 IST" duration-ms="237" status="PASS">
          <reporter-output>
          </reporter-output>
        </test-method> <!-- testRegisterMissingPassword -->
        <test-method is-config="true" signature="afterMethod(org.testng.ITestResult)[pri:0, instance:com.api.tests.auth.AuthTest@4f1afe8f]" started-at="2026-03-23T10:08:00 IST" name="afterMethod" finished-at="2026-03-23T10:08:00 IST" duration-ms="1" status="PASS">
          <params>
            <param index="0">
              <value>
                <![CDATA[[TestResult name=testRegisterMissingPassword status=SUCCESS method=AuthTest.testRegisterMissingPassword()[pri:0, instance:com.api.tests.auth.AuthTest@4f1afe8f] output={null}]]]>
              </value>
            </param>
          </params>
          <reporter-output>
          </reporter-output>
        </test-method> <!-- afterMethod -->
        <test-method is-config="true" signature="beforeMethod(java.lang.reflect.Method)[pri:0, instance:com.api.tests.auth.AuthTest@4f1afe8f]" started-at="2026-03-23T10:08:00 IST" name="beforeMethod" finished-at="2026-03-23T10:08:00 IST" duration-ms="0" status="PASS">
          <params>
            <param index="0">
              <value>
                <![CDATA[public void com.api.tests.auth.AuthTest.testRegisterWithUnknownEmail()]]>
              </value>
            </param>
          </params>
          <reporter-output>
          </reporter-output>
        </test-method> <!-- beforeMethod -->
        <test-method signature="testRegisterWithUnknownEmail()[pri:0, instance:com.api.tests.auth.AuthTest@4f1afe8f]" started-at="2026-03-23T10:08:00 IST" name="testRegisterWithUnknownEmail" description="POST /register with unknown email returns 400" finished-at="2026-03-23T10:08:01 IST" duration-ms="235" status="PASS">
          <reporter-output>
          </reporter-output>
        </test-method> <!-- testRegisterWithUnknownEmail -->
        <test-method is-config="true" signature="afterMethod(org.testng.ITestResult)[pri:0, instance:com.api.tests.auth.AuthTest@4f1afe8f]" started-at="2026-03-23T10:08:01 IST" name="afterMethod" finished-at="2026-03-23T10:08:01 IST" duration-ms="0" status="PASS">
          <params>
            <param index="0">
              <value>
                <![CDATA[[TestResult name=testRegisterWithUnknownEmail status=SUCCESS method=AuthTest.testRegisterWithUnknownEmail()[pri:0, instance:com.api.tests.auth.AuthTest@4f1afe8f] output={null}]]]>
              </value>
            </param>
          </params>
          <reporter-output>
          </reporter-output>
        </test-method> <!-- afterMethod -->
        <test-method is-config="true" signature="beforeMethod(java.lang.reflect.Method)[pri:0, instance:com.api.tests.auth.AuthTest@4f1afe8f]" started-at="2026-03-23T10:08:01 IST" name="beforeMethod" finished-at="2026-03-23T10:08:01 IST" duration-ms="1" status="PASS">
          <params>
            <param index="0">
              <value>
                <![CDATA[public void com.api.tests.auth.AuthTest.testRegisterWithValidPayload()]]>
              </value>
            </param>
          </params>
          <reporter-output>
          </reporter-output>
        </test-method> <!-- beforeMethod -->
        <test-method signature="testRegisterWithValidPayload()[pri:0, instance:com.api.tests.auth.AuthTest@4f1afe8f]" started-at="2026-03-23T10:08:01 IST" name="testRegisterWithValidPayload" description="POST /register with valid payload returns 200 with token and id" finished-at="2026-03-23T10:08:01 IST" duration-ms="265" status="PASS">
          <reporter-output>
          </reporter-output>
        </test-method> <!-- testRegisterWithValidPayload -->
        <test-method is-config="true" signature="afterMethod(org.testng.ITestResult)[pri:0, instance:com.api.tests.auth.AuthTest@4f1afe8f]" started-at="2026-03-23T10:08:01 IST" name="afterMethod" finished-at="2026-03-23T10:08:01 IST" duration-ms="0" status="PASS">
          <params>
            <param index="0">
              <value>
                <![CDATA[[TestResult name=testRegisterWithValidPayload status=SUCCESS method=AuthTest.testRegisterWithValidPayload()[pri:0, instance:com.api.tests.auth.AuthTest@4f1afe8f] output={null}]]]>
              </value>
            </param>
          </params>
          <reporter-output>
          </reporter-output>
        </test-method> <!-- afterMethod -->
        <test-method is-config="true" signature="beforeMethod(java.lang.reflect.Method)[pri:0, instance:com.api.tests.auth.AuthTest@4f1afe8f]" started-at="2026-03-23T10:08:01 IST" name="beforeMethod" finished-at="2026-03-23T10:08:01 IST" duration-ms="1" status="PASS">
          <params>
            <param index="0">
              <value>
                <![CDATA[public void com.api.tests.auth.AuthTest.testTokenUsedAsAuthHeader()]]>
              </value>
            </param>
          </params>
          <reporter-output>
          </reporter-output>
        </test-method> <!-- beforeMethod -->
        <test-method signature="testTokenUsedAsAuthHeader()[pri:0, instance:com.api.tests.auth.AuthTest@4f1afe8f]" started-at="2026-03-23T10:08:01 IST" name="testTokenUsedAsAuthHeader" description="Use extracted login token in subsequent request header" finished-at="2026-03-23T10:08:01 IST" duration-ms="470" status="PASS">
          <reporter-output>
          </reporter-output>
        </test-method> <!-- testTokenUsedAsAuthHeader -->
        <test-method is-config="true" signature="afterMethod(org.testng.ITestResult)[pri:0, instance:com.api.tests.auth.AuthTest@4f1afe8f]" started-at="2026-03-23T10:08:01 IST" name="afterMethod" finished-at="2026-03-23T10:08:01 IST" duration-ms="1" status="PASS">
          <params>
            <param index="0">
              <value>
                <![CDATA[[TestResult name=testTokenUsedAsAuthHeader status=SUCCESS method=AuthTest.testTokenUsedAsAuthHeader()[pri:0, instance:com.api.tests.auth.AuthTest@4f1afe8f] output={null}]]]>
              </value>
            </param>
          </params>
          <reporter-output>
          </reporter-output>
        </test-method> <!-- afterMethod -->
        <test-method is-config="true" signature="afterClass()[pri:0, instance:com.api.tests.auth.AuthTest@4f1afe8f]" started-at="2026-03-23T10:08:01 IST" name="afterClass" finished-at="2026-03-23T10:08:01 IST" duration-ms="1" status="PASS">
          <reporter-output>
          </reporter-output>
        </test-method> <!-- afterClass -->
      </class> <!-- com.api.tests.auth.AuthTest -->
    </test> <!-- Authentication Tests -->
    <test started-at="2026-03-23T10:08:02 IST" name="User GET Tests" finished-at="2026-03-23T10:08:07 IST" duration-ms="5426">
      <class name="com.api.tests.users.GetUsersTest">
        <test-method is-config="true" signature="beforeClass()[pri:0, instance:com.api.tests.users.GetUsersTest@10b8b900]" started-at="2026-03-23T10:08:02 IST" name="beforeClass" finished-at="2026-03-23T10:08:02 IST" duration-ms="2" status="PASS">
          <reporter-output>
          </reporter-output>
        </test-method> <!-- beforeClass -->
        <test-method is-config="true" signature="beforeMethod(java.lang.reflect.Method)[pri:0, instance:com.api.tests.users.GetUsersTest@10b8b900]" started-at="2026-03-23T10:08:02 IST" name="beforeMethod" finished-at="2026-03-23T10:08:02 IST" duration-ms="1" status="PASS">
          <params>
            <param index="0">
              <value>
                <![CDATA[public void com.api.tests.users.GetUsersTest.testAllUserIdsArePositive()]]>
              </value>
            </param>
          </params>
          <reporter-output>
          </reporter-output>
        </test-method> <!-- beforeMethod -->
        <test-method signature="testAllUserIdsArePositive()[pri:0, instance:com.api.tests.users.GetUsersTest@10b8b900]" started-at="2026-03-23T10:08:02 IST" name="testAllUserIdsArePositive" description="Verify all users across page 1 have valid ids" finished-at="2026-03-23T10:08:02 IST" duration-ms="450" status="PASS">
          <reporter-output>
          </reporter-output>
        </test-method> <!-- testAllUserIdsArePositive -->
        <test-method is-config="true" signature="afterMethod(org.testng.ITestResult)[pri:0, instance:com.api.tests.users.GetUsersTest@10b8b900]" started-at="2026-03-23T10:08:02 IST" name="afterMethod" finished-at="2026-03-23T10:08:02 IST" duration-ms="1" status="PASS">
          <params>
            <param index="0">
              <value>
                <![CDATA[[TestResult name=testAllUserIdsArePositive status=SUCCESS method=GetUsersTest.testAllUserIdsArePositive()[pri:0, instance:com.api.tests.users.GetUsersTest@10b8b900] output={null}]]]>
              </value>
            </param>
          </params>
          <reporter-output>
          </reporter-output>
        </test-method> <!-- afterMethod -->
        <test-method is-config="true" signature="beforeMethod(java.lang.reflect.Method)[pri:0, instance:com.api.tests.users.GetUsersTest@10b8b900]" started-at="2026-03-23T10:08:02 IST" name="beforeMethod" finished-at="2026-03-23T10:08:02 IST" duration-ms="1" status="PASS">
          <params>
            <param index="0">
              <value>
                <![CDATA[public void com.api.tests.users.GetUsersTest.testGetUserAvatarIsHttpsUrl()]]>
              </value>
            </param>
          </params>
          <reporter-output>
          </reporter-output>
        </test-method> <!-- beforeMethod -->
        <test-method signature="testGetUserAvatarIsHttpsUrl()[pri:0, instance:com.api.tests.users.GetUsersTest@10b8b900]" started-at="2026-03-23T10:08:02 IST" name="testGetUserAvatarIsHttpsUrl" description="Verify avatar URL in response is a valid https URL" finished-at="2026-03-23T10:08:02 IST" duration-ms="411" status="PASS">
          <reporter-output>
          </reporter-output>
        </test-method> <!-- testGetUserAvatarIsHttpsUrl -->
        <test-method is-config="true" signature="afterMethod(org.testng.ITestResult)[pri:0, instance:com.api.tests.users.GetUsersTest@10b8b900]" started-at="2026-03-23T10:08:02 IST" name="afterMethod" finished-at="2026-03-23T10:08:02 IST" duration-ms="2" status="PASS">
          <params>
            <param index="0">
              <value>
                <![CDATA[[TestResult name=testGetUserAvatarIsHttpsUrl status=SUCCESS method=GetUsersTest.testGetUserAvatarIsHttpsUrl()[pri:0, instance:com.api.tests.users.GetUsersTest@10b8b900] output={null}]]]>
              </value>
            </param>
          </params>
          <reporter-output>
          </reporter-output>
        </test-method> <!-- afterMethod -->
        <test-method is-config="true" signature="beforeMethod(java.lang.reflect.Method)[pri:0, instance:com.api.tests.users.GetUsersTest@10b8b900]" started-at="2026-03-23T10:08:02 IST" name="beforeMethod" finished-at="2026-03-23T10:08:02 IST" duration-ms="2" status="PASS">
          <params>
            <param index="0">
              <value>
                <![CDATA[public void com.api.tests.users.GetUsersTest.testGetUserByIdDeserializationToPojo()]]>
              </value>
            </param>
          </params>
          <reporter-output>
          </reporter-output>
        </test-method> <!-- beforeMethod -->
        <test-method signature="testGetUserByIdDeserializationToPojo()[pri:0, instance:com.api.tests.users.GetUsersTest@10b8b900]" started-at="2026-03-23T10:08:02 IST" name="testGetUserByIdDeserializationToPojo" description="Deserialize single user GET response to POJO" finished-at="2026-03-23T10:08:03 IST" duration-ms="241" status="PASS">
          <reporter-output>
          </reporter-output>
        </test-method> <!-- testGetUserByIdDeserializationToPojo -->
        <test-method is-config="true" signature="afterMethod(org.testng.ITestResult)[pri:0, instance:com.api.tests.users.GetUsersTest@10b8b900]" started-at="2026-03-23T10:08:03 IST" name="afterMethod" finished-at="2026-03-23T10:08:03 IST" duration-ms="2" status="PASS">
          <params>
            <param index="0">
              <value>
                <![CDATA[[TestResult name=testGetUserByIdDeserializationToPojo status=SUCCESS method=GetUsersTest.testGetUserByIdDeserializationToPojo()[pri:0, instance:com.api.tests.users.GetUsersTest@10b8b900] output={null}]]]>
              </value>
            </param>
          </params>
          <reporter-output>
          </reporter-output>
        </test-method> <!-- afterMethod -->
        <test-method is-config="true" signature="beforeMethod(java.lang.reflect.Method)[pri:0, instance:com.api.tests.users.GetUsersTest@10b8b900]" started-at="2026-03-23T10:08:03 IST" name="beforeMethod" finished-at="2026-03-23T10:08:03 IST" duration-ms="1" status="PASS">
          <params>
            <param index="0">
              <value>
                <![CDATA[public void com.api.tests.users.GetUsersTest.testGetUserByIdReturns200()]]>
              </value>
            </param>
          </params>
          <reporter-output>
          </reporter-output>
        </test-method> <!-- beforeMethod -->
        <test-method signature="testGetUserByIdReturns200()[pri:0, instance:com.api.tests.users.GetUsersTest@10b8b900]" started-at="2026-03-23T10:08:03 IST" name="testGetUserByIdReturns200" description="Verify GET /users/{id} returns correct user" finished-at="2026-03-23T10:08:03 IST" duration-ms="475" status="PASS">
          <reporter-output>
          </reporter-output>
        </test-method> <!-- testGetUserByIdReturns200 -->
        <test-method is-config="true" signature="afterMethod(org.testng.ITestResult)[pri:0, instance:com.api.tests.users.GetUsersTest@10b8b900]" started-at="2026-03-23T10:08:03 IST" name="afterMethod" finished-at="2026-03-23T10:08:03 IST" duration-ms="2" status="PASS">
          <params>
            <param index="0">
              <value>
                <![CDATA[[TestResult name=testGetUserByIdReturns200 status=SUCCESS method=GetUsersTest.testGetUserByIdReturns200()[pri:0, instance:com.api.tests.users.GetUsersTest@10b8b900] output={null}]]]>
              </value>
            </param>
          </params>
          <reporter-output>
          </reporter-output>
        </test-method> <!-- afterMethod -->
        <test-method is-config="true" signature="beforeMethod(java.lang.reflect.Method)[pri:0, instance:com.api.tests.users.GetUsersTest@10b8b900]" started-at="2026-03-23T10:08:03 IST" name="beforeMethod" finished-at="2026-03-23T10:08:03 IST" duration-ms="1" status="PASS">
          <params>
            <param index="0">
              <value>
                <![CDATA[public void com.api.tests.users.GetUsersTest.testGetUserByInvalidIdReturns404()]]>
              </value>
            </param>
          </params>
          <reporter-output>
          </reporter-output>
        </test-method> <!-- beforeMethod -->
        <test-method signature="testGetUserByInvalidIdReturns404()[pri:0, instance:com.api.tests.users.GetUsersTest@10b8b900]" started-at="2026-03-23T10:08:03 IST" name="testGetUserByInvalidIdReturns404" description="Verify GET /users/{id} with invalid id returns 404" finished-at="2026-03-23T10:08:04 IST" duration-ms="394" status="PASS">
          <reporter-output>
          </reporter-output>
        </test-method> <!-- testGetUserByInvalidIdReturns404 -->
        <test-method is-config="true" signature="afterMethod(org.testng.ITestResult)[pri:0, instance:com.api.tests.users.GetUsersTest@10b8b900]" started-at="2026-03-23T10:08:04 IST" name="afterMethod" finished-at="2026-03-23T10:08:04 IST" duration-ms="2" status="PASS">
          <params>
            <param index="0">
              <value>
                <![CDATA[[TestResult name=testGetUserByInvalidIdReturns404 status=SUCCESS method=GetUsersTest.testGetUserByInvalidIdReturns404()[pri:0, instance:com.api.tests.users.GetUsersTest@10b8b900] output={null}]]]>
              </value>
            </param>
          </params>
          <reporter-output>
          </reporter-output>
        </test-method> <!-- afterMethod -->
        <test-method is-config="true" signature="beforeMethod(java.lang.reflect.Method)[pri:0, instance:com.api.tests.users.GetUsersTest@10b8b900]" started-at="2026-03-23T10:08:04 IST" name="beforeMethod" finished-at="2026-03-23T10:08:04 IST" duration-ms="1" status="PASS">
          <params>
            <param index="0">
              <value>
                <![CDATA[public void com.api.tests.users.GetUsersTest.testGetUserResponseTime()]]>
              </value>
            </param>
          </params>
          <reporter-output>
          </reporter-output>
        </test-method> <!-- beforeMethod -->
        <test-method signature="testGetUserResponseTime()[pri:0, instance:com.api.tests.users.GetUsersTest@10b8b900]" started-at="2026-03-23T10:08:04 IST" name="testGetUserResponseTime" description="Validate response time under 5 seconds for GET user by id" finished-at="2026-03-23T10:08:04 IST" duration-ms="226" status="PASS">
          <reporter-output>
          </reporter-output>
        </test-method> <!-- testGetUserResponseTime -->
        <test-method is-config="true" signature="afterMethod(org.testng.ITestResult)[pri:0, instance:com.api.tests.users.GetUsersTest@10b8b900]" started-at="2026-03-23T10:08:04 IST" name="afterMethod" finished-at="2026-03-23T10:08:04 IST" duration-ms="1" status="PASS">
          <params>
            <param index="0">
              <value>
                <![CDATA[[TestResult name=testGetUserResponseTime status=SUCCESS method=GetUsersTest.testGetUserResponseTime()[pri:0, instance:com.api.tests.users.GetUsersTest@10b8b900] output={null}]]]>
              </value>
            </param>
          </params>
          <reporter-output>
          </reporter-output>
        </test-method> <!-- afterMethod -->
        <test-method is-config="true" signature="beforeMethod(java.lang.reflect.Method)[pri:0, instance:com.api.tests.users.GetUsersTest@10b8b900]" started-at="2026-03-23T10:08:04 IST" name="beforeMethod" finished-at="2026-03-23T10:08:04 IST" duration-ms="1" status="PASS">
          <params>
            <param index="0">
              <value>
                <![CDATA[public void com.api.tests.users.GetUsersTest.testGetUsersDataFieldsNotNull()]]>
              </value>
            </param>
          </params>
          <reporter-output>
          </reporter-output>
        </test-method> <!-- beforeMethod -->
        <test-method signature="testGetUsersDataFieldsNotNull()[pri:0, instance:com.api.tests.users.GetUsersTest@10b8b900]" started-at="2026-03-23T10:08:04 IST" name="testGetUsersDataFieldsNotNull" description="Verify user data fields — id, email, first_name, last_name, avatar" finished-at="2026-03-23T10:08:04 IST" duration-ms="401" status="PASS">
          <reporter-output>
          </reporter-output>
        </test-method> <!-- testGetUsersDataFieldsNotNull -->
        <test-method is-config="true" signature="afterMethod(org.testng.ITestResult)[pri:0, instance:com.api.tests.users.GetUsersTest@10b8b900]" started-at="2026-03-23T10:08:04 IST" name="afterMethod" finished-at="2026-03-23T10:08:04 IST" duration-ms="1" status="PASS">
          <params>
            <param index="0">
              <value>
                <![CDATA[[TestResult name=testGetUsersDataFieldsNotNull status=SUCCESS method=GetUsersTest.testGetUsersDataFieldsNotNull()[pri:0, instance:com.api.tests.users.GetUsersTest@10b8b900] output={null}]]]>
              </value>
            </param>
          </params>
          <reporter-output>
          </reporter-output>
        </test-method> <!-- afterMethod -->
        <test-method is-config="true" signature="beforeMethod(java.lang.reflect.Method)[pri:0, instance:com.api.tests.users.GetUsersTest@10b8b900]" started-at="2026-03-23T10:08:04 IST" name="beforeMethod" finished-at="2026-03-23T10:08:04 IST" duration-ms="2" status="PASS">
          <params>
            <param index="0">
              <value>
                <![CDATA[public void com.api.tests.users.GetUsersTest.testGetUsersDataListNotEmpty()]]>
              </value>
            </param>
          </params>
          <reporter-output>
          </reporter-output>
        </test-method> <!-- beforeMethod -->
        <test-method signature="testGetUsersDataListNotEmpty()[pri:0, instance:com.api.tests.users.GetUsersTest@10b8b900]" started-at="2026-03-23T10:08:04 IST" name="testGetUsersDataListNotEmpty" description="Verify user data list is not empty" finished-at="2026-03-23T10:08:05 IST" duration-ms="317" status="PASS">
          <reporter-output>
          </reporter-output>
        </test-method> <!-- testGetUsersDataListNotEmpty -->
        <test-method is-config="true" signature="afterMethod(org.testng.ITestResult)[pri:0, instance:com.api.tests.users.GetUsersTest@10b8b900]" started-at="2026-03-23T10:08:05 IST" name="afterMethod" finished-at="2026-03-23T10:08:05 IST" duration-ms="1" status="PASS">
          <params>
            <param index="0">
              <value>
                <![CDATA[[TestResult name=testGetUsersDataListNotEmpty status=SUCCESS method=GetUsersTest.testGetUsersDataListNotEmpty()[pri:0, instance:com.api.tests.users.GetUsersTest@10b8b900] output={null}]]]>
              </value>
            </param>
          </params>
          <reporter-output>
          </reporter-output>
        </test-method> <!-- afterMethod -->
        <test-method is-config="true" signature="beforeMethod(java.lang.reflect.Method)[pri:0, instance:com.api.tests.users.GetUsersTest@10b8b900]" started-at="2026-03-23T10:08:05 IST" name="beforeMethod" finished-at="2026-03-23T10:08:05 IST" duration-ms="2" status="PASS">
          <params>
            <param index="0">
              <value>
                <![CDATA[public void com.api.tests.users.GetUsersTest.testGetUsersDeserializationToPojo()]]>
              </value>
            </param>
          </params>
          <reporter-output>
          </reporter-output>
        </test-method> <!-- beforeMethod -->
        <test-method signature="testGetUsersDeserializationToPojo()[pri:0, instance:com.api.tests.users.GetUsersTest@10b8b900]" started-at="2026-03-23T10:08:05 IST" name="testGetUsersDeserializationToPojo" description="Deserialize user list response to POJO and validate" finished-at="2026-03-23T10:08:05 IST" duration-ms="249" status="PASS">
          <reporter-output>
          </reporter-output>
        </test-method> <!-- testGetUsersDeserializationToPojo -->
        <test-method is-config="true" signature="afterMethod(org.testng.ITestResult)[pri:0, instance:com.api.tests.users.GetUsersTest@10b8b900]" started-at="2026-03-23T10:08:05 IST" name="afterMethod" finished-at="2026-03-23T10:08:05 IST" duration-ms="1" status="PASS">
          <params>
            <param index="0">
              <value>
                <![CDATA[[TestResult name=testGetUsersDeserializationToPojo status=SUCCESS method=GetUsersTest.testGetUsersDeserializationToPojo()[pri:0, instance:com.api.tests.users.GetUsersTest@10b8b900] output={null}]]]>
              </value>
            </param>
          </params>
          <reporter-output>
          </reporter-output>
        </test-method> <!-- afterMethod -->
        <test-method is-config="true" signature="beforeMethod(java.lang.reflect.Method)[pri:0, instance:com.api.tests.users.GetUsersTest@10b8b900]" started-at="2026-03-23T10:08:05 IST" name="beforeMethod" finished-at="2026-03-23T10:08:05 IST" duration-ms="1" status="PASS">
          <params>
            <param index="0">
              <value>
                <![CDATA[public void com.api.tests.users.GetUsersTest.testGetUsersEmailFormat()]]>
              </value>
            </param>
          </params>
          <reporter-output>
          </reporter-output>
        </test-method> <!-- beforeMethod -->
        <test-method signature="testGetUsersEmailFormat()[pri:0, instance:com.api.tests.users.GetUsersTest@10b8b900]" started-at="2026-03-23T10:08:05 IST" name="testGetUsersEmailFormat" description="Verify email format in user list" finished-at="2026-03-23T10:08:05 IST" duration-ms="242" status="PASS">
          <reporter-output>
          </reporter-output>
        </test-method> <!-- testGetUsersEmailFormat -->
        <test-method is-config="true" signature="afterMethod(org.testng.ITestResult)[pri:0, instance:com.api.tests.users.GetUsersTest@10b8b900]" started-at="2026-03-23T10:08:05 IST" name="afterMethod" finished-at="2026-03-23T10:08:05 IST" duration-ms="1" status="PASS">
          <params>
            <param index="0">
              <value>
                <![CDATA[[TestResult name=testGetUsersEmailFormat status=SUCCESS method=GetUsersTest.testGetUsersEmailFormat()[pri:0, instance:com.api.tests.users.GetUsersTest@10b8b900] output={null}]]]>
              </value>
            </param>
          </params>
          <reporter-output>
          </reporter-output>
        </test-method> <!-- afterMethod -->
        <test-method is-config="true" signature="beforeMethod(java.lang.reflect.Method)[pri:0, instance:com.api.tests.users.GetUsersTest@10b8b900]" started-at="2026-03-23T10:08:05 IST" name="beforeMethod" finished-at="2026-03-23T10:08:05 IST" duration-ms="1" status="PASS">
          <params>
            <param index="0">
              <value>
                <![CDATA[public void com.api.tests.users.GetUsersTest.testGetUsersPage2ReturnsDifferentData()]]>
              </value>
            </param>
          </params>
          <reporter-output>
          </reporter-output>
        </test-method> <!-- beforeMethod -->
        <test-method signature="testGetUsersPage2ReturnsDifferentData()[pri:0, instance:com.api.tests.users.GetUsersTest@10b8b900]" started-at="2026-03-23T10:08:05 IST" name="testGetUsersPage2ReturnsDifferentData" description="Verify page 2 returns different data than page 1" finished-at="2026-03-23T10:08:06 IST" duration-ms="632" status="PASS">
          <reporter-output>
          </reporter-output>
        </test-method> <!-- testGetUsersPage2ReturnsDifferentData -->
        <test-method is-config="true" signature="afterMethod(org.testng.ITestResult)[pri:0, instance:com.api.tests.users.GetUsersTest@10b8b900]" started-at="2026-03-23T10:08:06 IST" name="afterMethod" finished-at="2026-03-23T10:08:06 IST" duration-ms="1" status="PASS">
          <params>
            <param index="0">
              <value>
                <![CDATA[[TestResult name=testGetUsersPage2ReturnsDifferentData status=SUCCESS method=GetUsersTest.testGetUsersPage2ReturnsDifferentData()[pri:0, instance:com.api.tests.users.GetUsersTest@10b8b900] output={null}]]]>
              </value>
            </param>
          </params>
          <reporter-output>
          </reporter-output>
        </test-method> <!-- afterMethod -->
        <test-method is-config="true" signature="beforeMethod(java.lang.reflect.Method)[pri:0, instance:com.api.tests.users.GetUsersTest@10b8b900]" started-at="2026-03-23T10:08:06 IST" name="beforeMethod" finished-at="2026-03-23T10:08:06 IST" duration-ms="1" status="PASS">
          <params>
            <param index="0">
              <value>
                <![CDATA[public void com.api.tests.users.GetUsersTest.testGetUsersPaginationFields()]]>
              </value>
            </param>
          </params>
          <reporter-output>
          </reporter-output>
        </test-method> <!-- beforeMethod -->
        <test-method signature="testGetUsersPaginationFields()[pri:0, instance:com.api.tests.users.GetUsersTest@10b8b900]" started-at="2026-03-23T10:08:06 IST" name="testGetUsersPaginationFields" description="Verify pagination fields exist in response" finished-at="2026-03-23T10:08:06 IST" duration-ms="290" status="PASS">
          <reporter-output>
          </reporter-output>
        </test-method> <!-- testGetUsersPaginationFields -->
        <test-method is-config="true" signature="afterMethod(org.testng.ITestResult)[pri:0, instance:com.api.tests.users.GetUsersTest@10b8b900]" started-at="2026-03-23T10:08:06 IST" name="afterMethod" finished-at="2026-03-23T10:08:06 IST" duration-ms="0" status="PASS">
          <params>
            <param index="0">
              <value>
                <![CDATA[[TestResult name=testGetUsersPaginationFields status=SUCCESS method=GetUsersTest.testGetUsersPaginationFields()[pri:0, instance:com.api.tests.users.GetUsersTest@10b8b900] output={null}]]]>
              </value>
            </param>
          </params>
          <reporter-output>
          </reporter-output>
        </test-method> <!-- afterMethod -->
        <test-method is-config="true" signature="beforeMethod(java.lang.reflect.Method)[pri:0, instance:com.api.tests.users.GetUsersTest@10b8b900]" started-at="2026-03-23T10:08:06 IST" name="beforeMethod" finished-at="2026-03-23T10:08:06 IST" duration-ms="1" status="PASS">
          <params>
            <param index="0">
              <value>
                <![CDATA[public void com.api.tests.users.GetUsersTest.testGetUsersPerPageParam()]]>
              </value>
            </param>
          </params>
          <reporter-output>
          </reporter-output>
        </test-method> <!-- beforeMethod -->
        <test-method signature="testGetUsersPerPageParam()[pri:0, instance:com.api.tests.users.GetUsersTest@10b8b900]" started-at="2026-03-23T10:08:06 IST" name="testGetUsersPerPageParam" description="Verify GET /users with per_page param limits result size" finished-at="2026-03-23T10:08:06 IST" duration-ms="376" status="PASS">
          <reporter-output>
          </reporter-output>
        </test-method> <!-- testGetUsersPerPageParam -->
        <test-method is-config="true" signature="afterMethod(org.testng.ITestResult)[pri:0, instance:com.api.tests.users.GetUsersTest@10b8b900]" started-at="2026-03-23T10:08:07 IST" name="afterMethod" finished-at="2026-03-23T10:08:07 IST" duration-ms="1" status="PASS">
          <params>
            <param index="0">
              <value>
                <![CDATA[[TestResult name=testGetUsersPerPageParam status=SUCCESS method=GetUsersTest.testGetUsersPerPageParam()[pri:0, instance:com.api.tests.users.GetUsersTest@10b8b900] output={null}]]]>
              </value>
            </param>
          </params>
          <reporter-output>
          </reporter-output>
        </test-method> <!-- afterMethod -->
        <test-method is-config="true" signature="beforeMethod(java.lang.reflect.Method)[pri:0, instance:com.api.tests.users.GetUsersTest@10b8b900]" started-at="2026-03-23T10:08:07 IST" name="beforeMethod" finished-at="2026-03-23T10:08:07 IST" duration-ms="1" status="PASS">
          <params>
            <param index="0">
              <value>
                <![CDATA[public void com.api.tests.users.GetUsersTest.testGetUsersReturns200()]]>
              </value>
            </param>
          </params>
          <reporter-output>
          </reporter-output>
        </test-method> <!-- beforeMethod -->
        <test-method signature="testGetUsersReturns200()[pri:0, instance:com.api.tests.users.GetUsersTest@10b8b900]" started-at="2026-03-23T10:08:07 IST" name="testGetUsersReturns200" description="Verify GET /users returns 200 with valid body" finished-at="2026-03-23T10:08:07 IST" duration-ms="236" status="PASS">
          <reporter-output>
          </reporter-output>
        </test-method> <!-- testGetUsersReturns200 -->
        <test-method is-config="true" signature="afterMethod(org.testng.ITestResult)[pri:0, instance:com.api.tests.users.GetUsersTest@10b8b900]" started-at="2026-03-23T10:08:07 IST" name="afterMethod" finished-at="2026-03-23T10:08:07 IST" duration-ms="1" status="PASS">
          <params>
            <param index="0">
              <value>
                <![CDATA[[TestResult name=testGetUsersReturns200 status=SUCCESS method=GetUsersTest.testGetUsersReturns200()[pri:0, instance:com.api.tests.users.GetUsersTest@10b8b900] output={null}]]]>
              </value>
            </param>
          </params>
          <reporter-output>
          </reporter-output>
        </test-method> <!-- afterMethod -->
        <test-method is-config="true" signature="beforeMethod(java.lang.reflect.Method)[pri:0, instance:com.api.tests.users.GetUsersTest@10b8b900]" started-at="2026-03-23T10:08:07 IST" name="beforeMethod" finished-at="2026-03-23T10:08:07 IST" duration-ms="1" status="PASS">
          <params>
            <param index="0">
              <value>
                <![CDATA[public void com.api.tests.users.GetUsersTest.testGetUsersSupportObject()]]>
              </value>
            </param>
          </params>
          <reporter-output>
          </reporter-output>
        </test-method> <!-- beforeMethod -->
        <test-method signature="testGetUsersSupportObject()[pri:0, instance:com.api.tests.users.GetUsersTest@10b8b900]" started-at="2026-03-23T10:08:07 IST" name="testGetUsersSupportObject" description="Verify support object is present in list response" finished-at="2026-03-23T10:08:07 IST" duration-ms="240" status="PASS">
          <reporter-output>
          </reporter-output>
        </test-method> <!-- testGetUsersSupportObject -->
        <test-method is-config="true" signature="afterMethod(org.testng.ITestResult)[pri:0, instance:com.api.tests.users.GetUsersTest@10b8b900]" started-at="2026-03-23T10:08:07 IST" name="afterMethod" finished-at="2026-03-23T10:08:07 IST" duration-ms="1" status="PASS">
          <params>
            <param index="0">
              <value>
                <![CDATA[[TestResult name=testGetUsersSupportObject status=SUCCESS method=GetUsersTest.testGetUsersSupportObject()[pri:0, instance:com.api.tests.users.GetUsersTest@10b8b900] output={null}]]]>
              </value>
            </param>
          </params>
          <reporter-output>
          </reporter-output>
        </test-method> <!-- afterMethod -->
        <test-method is-config="true" signature="afterClass()[pri:0, instance:com.api.tests.users.GetUsersTest@10b8b900]" started-at="2026-03-23T10:08:07 IST" name="afterClass" finished-at="2026-03-23T10:08:07 IST" duration-ms="1" status="PASS">
          <reporter-output>
          </reporter-output>
        </test-method> <!-- afterClass -->
      </class> <!-- com.api.tests.users.GetUsersTest -->
    </test> <!-- User GET Tests -->
    <test started-at="2026-03-23T10:08:07 IST" name="User Create-Update-Delete Tests" finished-at="2026-03-23T10:08:11 IST" duration-ms="4058">
      <class name="com.api.tests.users.CreateUpdateDeleteUserTest">
        <test-method is-config="true" signature="beforeClass()[pri:0, instance:com.api.tests.users.CreateUpdateDeleteUserTest@5e905f2c]" started-at="2026-03-23T10:08:07 IST" name="beforeClass" finished-at="2026-03-23T10:08:07 IST" duration-ms="2" status="PASS">
          <reporter-output>
          </reporter-output>
        </test-method> <!-- beforeClass -->
        <test-method is-config="true" signature="beforeMethod(java.lang.reflect.Method)[pri:0, instance:com.api.tests.users.CreateUpdateDeleteUserTest@5e905f2c]" started-at="2026-03-23T10:08:07 IST" name="beforeMethod" finished-at="2026-03-23T10:08:07 IST" duration-ms="2" status="PASS">
          <params>
            <param index="0">
              <value>
                <![CDATA[public void com.api.tests.users.CreateUpdateDeleteUserTest.testCreateUserCreatedAtNotBlank()]]>
              </value>
            </param>
          </params>
          <reporter-output>
          </reporter-output>
        </test-method> <!-- beforeMethod -->
        <test-method signature="testCreateUserCreatedAtNotBlank()[pri:0, instance:com.api.tests.users.CreateUpdateDeleteUserTest@5e905f2c]" started-at="2026-03-23T10:08:07 IST" name="testCreateUserCreatedAtNotBlank" description="POST /users — verify createdAt is a non-blank timestamp" finished-at="2026-03-23T10:08:07 IST" duration-ms="251" status="PASS">
          <reporter-output>
          </reporter-output>
        </test-method> <!-- testCreateUserCreatedAtNotBlank -->
        <test-method is-config="true" signature="afterMethod(org.testng.ITestResult)[pri:0, instance:com.api.tests.users.CreateUpdateDeleteUserTest@5e905f2c]" started-at="2026-03-23T10:08:07 IST" name="afterMethod" finished-at="2026-03-23T10:08:07 IST" duration-ms="0" status="PASS">
          <params>
            <param index="0">
              <value>
                <![CDATA[[TestResult name=testCreateUserCreatedAtNotBlank status=SUCCESS method=CreateUpdateDeleteUserTest.testCreateUserCreatedAtNotBlank()[pri:0, instance:com.api.tests.users.CreateUpdateDeleteUserTest@5e905f2c] output={null}]]]>
              </value>
            </param>
          </params>
          <reporter-output>
          </reporter-output>
        </test-method> <!-- afterMethod -->
        <test-method is-config="true" signature="beforeMethod(java.lang.reflect.Method)[pri:0, instance:com.api.tests.users.CreateUpdateDeleteUserTest@5e905f2c]" started-at="2026-03-23T10:08:07 IST" name="beforeMethod" finished-at="2026-03-23T10:08:07 IST" duration-ms="0" status="PASS">
          <params>
            <param index="0">
              <value>
                <![CDATA[public void com.api.tests.users.CreateUpdateDeleteUserTest.testCreateUserDeserializationToPojo()]]>
              </value>
            </param>
          </params>
          <reporter-output>
          </reporter-output>
        </test-method> <!-- beforeMethod -->
        <test-method signature="testCreateUserDeserializationToPojo()[pri:0, instance:com.api.tests.users.CreateUpdateDeleteUserTest@5e905f2c]" started-at="2026-03-23T10:08:07 IST" name="testCreateUserDeserializationToPojo" description="POST /users — deserialize create response to POJO" finished-at="2026-03-23T10:08:08 IST" duration-ms="216" status="PASS">
          <reporter-output>
          </reporter-output>
        </test-method> <!-- testCreateUserDeserializationToPojo -->
        <test-method is-config="true" signature="afterMethod(org.testng.ITestResult)[pri:0, instance:com.api.tests.users.CreateUpdateDeleteUserTest@5e905f2c]" started-at="2026-03-23T10:08:08 IST" name="afterMethod" finished-at="2026-03-23T10:08:08 IST" duration-ms="0" status="PASS">
          <params>
            <param index="0">
              <value>
                <![CDATA[[TestResult name=testCreateUserDeserializationToPojo status=SUCCESS method=CreateUpdateDeleteUserTest.testCreateUserDeserializationToPojo()[pri:0, instance:com.api.tests.users.CreateUpdateDeleteUserTest@5e905f2c] output={null}]]]>
              </value>
            </param>
          </params>
          <reporter-output>
          </reporter-output>
        </test-method> <!-- afterMethod -->
        <test-method is-config="true" signature="beforeMethod(java.lang.reflect.Method)[pri:0, instance:com.api.tests.users.CreateUpdateDeleteUserTest@5e905f2c]" started-at="2026-03-23T10:08:08 IST" name="beforeMethod" finished-at="2026-03-23T10:08:08 IST" duration-ms="1" status="PASS">
          <params>
            <param index="0">
              <value>
                <![CDATA[public void com.api.tests.users.CreateUpdateDeleteUserTest.testCreateUserIdsAreUnique()]]>
              </value>
            </param>
          </params>
          <reporter-output>
          </reporter-output>
        </test-method> <!-- beforeMethod -->
        <test-method signature="testCreateUserIdsAreUnique()[pri:0, instance:com.api.tests.users.CreateUpdateDeleteUserTest@5e905f2c]" started-at="2026-03-23T10:08:08 IST" name="testCreateUserIdsAreUnique" description="POST /users — verify id is unique for each call" finished-at="2026-03-23T10:08:08 IST" duration-ms="456" status="PASS">
          <reporter-output>
          </reporter-output>
        </test-method> <!-- testCreateUserIdsAreUnique -->
        <test-method is-config="true" signature="afterMethod(org.testng.ITestResult)[pri:0, instance:com.api.tests.users.CreateUpdateDeleteUserTest@5e905f2c]" started-at="2026-03-23T10:08:08 IST" name="afterMethod" finished-at="2026-03-23T10:08:08 IST" duration-ms="1" status="PASS">
          <params>
            <param index="0">
              <value>
                <![CDATA[[TestResult name=testCreateUserIdsAreUnique status=SUCCESS method=CreateUpdateDeleteUserTest.testCreateUserIdsAreUnique()[pri:0, instance:com.api.tests.users.CreateUpdateDeleteUserTest@5e905f2c] output={null}]]]>
              </value>
            </param>
          </params>
          <reporter-output>
          </reporter-output>
        </test-method> <!-- afterMethod -->
        <test-method is-config="true" signature="beforeMethod(java.lang.reflect.Method)[pri:0, instance:com.api.tests.users.CreateUpdateDeleteUserTest@5e905f2c]" started-at="2026-03-23T10:08:08 IST" name="beforeMethod" finished-at="2026-03-23T10:08:08 IST" duration-ms="0" status="PASS">
          <params>
            <param index="0">
              <value>
                <![CDATA[public void com.api.tests.users.CreateUpdateDeleteUserTest.testCreateUserWithEmptyBody()]]>
              </value>
            </param>
          </params>
          <reporter-output>
          </reporter-output>
        </test-method> <!-- beforeMethod -->
        <test-method signature="testCreateUserWithEmptyBody()[pri:0, instance:com.api.tests.users.CreateUpdateDeleteUserTest@5e905f2c]" started-at="2026-03-23T10:08:08 IST" name="testCreateUserWithEmptyBody" description="POST /users with empty body — verify server accepts or rejects gracefully" finished-at="2026-03-23T10:08:08 IST" duration-ms="214" status="PASS">
          <reporter-output>
          </reporter-output>
        </test-method> <!-- testCreateUserWithEmptyBody -->
        <test-method is-config="true" signature="afterMethod(org.testng.ITestResult)[pri:0, instance:com.api.tests.users.CreateUpdateDeleteUserTest@5e905f2c]" started-at="2026-03-23T10:08:08 IST" name="afterMethod" finished-at="2026-03-23T10:08:08 IST" duration-ms="0" status="PASS">
          <params>
            <param index="0">
              <value>
                <![CDATA[[TestResult name=testCreateUserWithEmptyBody status=SUCCESS method=CreateUpdateDeleteUserTest.testCreateUserWithEmptyBody()[pri:0, instance:com.api.tests.users.CreateUpdateDeleteUserTest@5e905f2c] output={null}]]]>
              </value>
            </param>
          </params>
          <reporter-output>
          </reporter-output>
        </test-method> <!-- afterMethod -->
        <test-method is-config="true" signature="beforeMethod(java.lang.reflect.Method)[pri:0, instance:com.api.tests.users.CreateUpdateDeleteUserTest@5e905f2c]" started-at="2026-03-23T10:08:08 IST" name="beforeMethod" finished-at="2026-03-23T10:08:08 IST" duration-ms="1" status="PASS">
          <params>
            <param index="0">
              <value>
                <![CDATA[public void com.api.tests.users.CreateUpdateDeleteUserTest.testCreateUserWithMapBody()]]>
              </value>
            </param>
          </params>
          <reporter-output>
          </reporter-output>
        </test-method> <!-- beforeMethod -->
        <test-method signature="testCreateUserWithMapBody()[pri:0, instance:com.api.tests.users.CreateUpdateDeleteUserTest@5e905f2c]" started-at="2026-03-23T10:08:08 IST" name="testCreateUserWithMapBody" description="POST /users with Map body — verify 201" finished-at="2026-03-23T10:08:08 IST" duration-ms="238" status="PASS">
          <reporter-output>
          </reporter-output>
        </test-method> <!-- testCreateUserWithMapBody -->
        <test-method is-config="true" signature="afterMethod(org.testng.ITestResult)[pri:0, instance:com.api.tests.users.CreateUpdateDeleteUserTest@5e905f2c]" started-at="2026-03-23T10:08:08 IST" name="afterMethod" finished-at="2026-03-23T10:08:08 IST" duration-ms="1" status="PASS">
          <params>
            <param index="0">
              <value>
                <![CDATA[[TestResult name=testCreateUserWithMapBody status=SUCCESS method=CreateUpdateDeleteUserTest.testCreateUserWithMapBody()[pri:0, instance:com.api.tests.users.CreateUpdateDeleteUserTest@5e905f2c] output={null}]]]>
              </value>
            </param>
          </params>
          <reporter-output>
          </reporter-output>
        </test-method> <!-- afterMethod -->
        <test-method is-config="true" signature="beforeMethod(java.lang.reflect.Method)[pri:0, instance:com.api.tests.users.CreateUpdateDeleteUserTest@5e905f2c]" started-at="2026-03-23T10:08:08 IST" name="beforeMethod" finished-at="2026-03-23T10:08:08 IST" duration-ms="1" status="PASS">
          <params>
            <param index="0">
              <value>
                <![CDATA[public void com.api.tests.users.CreateUpdateDeleteUserTest.testCreateUserWithPojo()]]>
              </value>
            </param>
          </params>
          <reporter-output>
          </reporter-output>
        </test-method> <!-- beforeMethod -->
        <test-method signature="testCreateUserWithPojo()[pri:0, instance:com.api.tests.users.CreateUpdateDeleteUserTest@5e905f2c]" started-at="2026-03-23T10:08:08 IST" name="testCreateUserWithPojo" description="POST /users with POJO body — verify 201 and response fields" finished-at="2026-03-23T10:08:09 IST" duration-ms="283" status="PASS">
          <reporter-output>
          </reporter-output>
        </test-method> <!-- testCreateUserWithPojo -->
        <test-method is-config="true" signature="afterMethod(org.testng.ITestResult)[pri:0, instance:com.api.tests.users.CreateUpdateDeleteUserTest@5e905f2c]" started-at="2026-03-23T10:08:09 IST" name="afterMethod" finished-at="2026-03-23T10:08:09 IST" duration-ms="0" status="PASS">
          <params>
            <param index="0">
              <value>
                <![CDATA[[TestResult name=testCreateUserWithPojo status=SUCCESS method=CreateUpdateDeleteUserTest.testCreateUserWithPojo()[pri:0, instance:com.api.tests.users.CreateUpdateDeleteUserTest@5e905f2c] output={null}]]]>
              </value>
            </param>
          </params>
          <reporter-output>
          </reporter-output>
        </test-method> <!-- afterMethod -->
        <test-method is-config="true" signature="beforeMethod(java.lang.reflect.Method)[pri:0, instance:com.api.tests.users.CreateUpdateDeleteUserTest@5e905f2c]" started-at="2026-03-23T10:08:09 IST" name="beforeMethod" finished-at="2026-03-23T10:08:09 IST" duration-ms="1" status="PASS">
          <params>
            <param index="0">
              <value>
                <![CDATA[public void com.api.tests.users.CreateUpdateDeleteUserTest.testCreateUserWithRawJson()]]>
              </value>
            </param>
          </params>
          <reporter-output>
          </reporter-output>
        </test-method> <!-- beforeMethod -->
        <test-method signature="testCreateUserWithRawJson()[pri:0, instance:com.api.tests.users.CreateUpdateDeleteUserTest@5e905f2c]" started-at="2026-03-23T10:08:09 IST" name="testCreateUserWithRawJson" description="POST /users with raw JSON string body — verify 201" finished-at="2026-03-23T10:08:09 IST" duration-ms="225" status="PASS">
          <reporter-output>
          </reporter-output>
        </test-method> <!-- testCreateUserWithRawJson -->
        <test-method is-config="true" signature="afterMethod(org.testng.ITestResult)[pri:0, instance:com.api.tests.users.CreateUpdateDeleteUserTest@5e905f2c]" started-at="2026-03-23T10:08:09 IST" name="afterMethod" finished-at="2026-03-23T10:08:09 IST" duration-ms="0" status="PASS">
          <params>
            <param index="0">
              <value>
                <![CDATA[[TestResult name=testCreateUserWithRawJson status=SUCCESS method=CreateUpdateDeleteUserTest.testCreateUserWithRawJson()[pri:0, instance:com.api.tests.users.CreateUpdateDeleteUserTest@5e905f2c] output={null}]]]>
              </value>
            </param>
          </params>
          <reporter-output>
          </reporter-output>
        </test-method> <!-- afterMethod -->
        <test-method is-config="true" signature="beforeMethod(java.lang.reflect.Method)[pri:0, instance:com.api.tests.users.CreateUpdateDeleteUserTest@5e905f2c]" started-at="2026-03-23T10:08:09 IST" name="beforeMethod" finished-at="2026-03-23T10:08:09 IST" duration-ms="0" status="PASS">
          <params>
            <param index="0">
              <value>
                <![CDATA[public void com.api.tests.users.CreateUpdateDeleteUserTest.testDeleteMultipleUsersReturn204()]]>
              </value>
            </param>
          </params>
          <reporter-output>
          </reporter-output>
        </test-method> <!-- beforeMethod -->
        <test-method signature="testDeleteMultipleUsersReturn204()[pri:0, instance:com.api.tests.users.CreateUpdateDeleteUserTest@5e905f2c]" started-at="2026-03-23T10:08:09 IST" name="testDeleteMultipleUsersReturn204" description="DELETE /users/{id} — multiple different ids return 204" finished-at="2026-03-23T10:08:10 IST" duration-ms="624" status="PASS">
          <reporter-output>
          </reporter-output>
        </test-method> <!-- testDeleteMultipleUsersReturn204 -->
        <test-method is-config="true" signature="afterMethod(org.testng.ITestResult)[pri:0, instance:com.api.tests.users.CreateUpdateDeleteUserTest@5e905f2c]" started-at="2026-03-23T10:08:10 IST" name="afterMethod" finished-at="2026-03-23T10:08:10 IST" duration-ms="0" status="PASS">
          <params>
            <param index="0">
              <value>
                <![CDATA[[TestResult name=testDeleteMultipleUsersReturn204 status=SUCCESS method=CreateUpdateDeleteUserTest.testDeleteMultipleUsersReturn204()[pri:0, instance:com.api.tests.users.CreateUpdateDeleteUserTest@5e905f2c] output={null}]]]>
              </value>
            </param>
          </params>
          <reporter-output>
          </reporter-output>
        </test-method> <!-- afterMethod -->
        <test-method is-config="true" signature="beforeMethod(java.lang.reflect.Method)[pri:0, instance:com.api.tests.users.CreateUpdateDeleteUserTest@5e905f2c]" started-at="2026-03-23T10:08:10 IST" name="beforeMethod" finished-at="2026-03-23T10:08:10 IST" duration-ms="1" status="PASS">
          <params>
            <param index="0">
              <value>
                <![CDATA[public void com.api.tests.users.CreateUpdateDeleteUserTest.testDeleteUserReturns204()]]>
              </value>
            </param>
          </params>
          <reporter-output>
          </reporter-output>
        </test-method> <!-- beforeMethod -->
        <test-method signature="testDeleteUserReturns204()[pri:0, instance:com.api.tests.users.CreateUpdateDeleteUserTest@5e905f2c]" started-at="2026-03-23T10:08:10 IST" name="testDeleteUserReturns204" description="DELETE /users/{id} — verify 204 No Content" finished-at="2026-03-23T10:08:10 IST" duration-ms="215" status="PASS">
          <reporter-output>
          </reporter-output>
        </test-method> <!-- testDeleteUserReturns204 -->
        <test-method is-config="true" signature="afterMethod(org.testng.ITestResult)[pri:0, instance:com.api.tests.users.CreateUpdateDeleteUserTest@5e905f2c]" started-at="2026-03-23T10:08:10 IST" name="afterMethod" finished-at="2026-03-23T10:08:10 IST" duration-ms="1" status="PASS">
          <params>
            <param index="0">
              <value>
                <![CDATA[[TestResult name=testDeleteUserReturns204 status=SUCCESS method=CreateUpdateDeleteUserTest.testDeleteUserReturns204()[pri:0, instance:com.api.tests.users.CreateUpdateDeleteUserTest@5e905f2c] output={null}]]]>
              </value>
            </param>
          </params>
          <reporter-output>
          </reporter-output>
        </test-method> <!-- afterMethod -->
        <test-method is-config="true" signature="beforeMethod(java.lang.reflect.Method)[pri:0, instance:com.api.tests.users.CreateUpdateDeleteUserTest@5e905f2c]" started-at="2026-03-23T10:08:10 IST" name="beforeMethod" finished-at="2026-03-23T10:08:10 IST" duration-ms="2" status="PASS">
          <params>
            <param index="0">
              <value>
                <![CDATA[public void com.api.tests.users.CreateUpdateDeleteUserTest.testPatchUserJob()]]>
              </value>
            </param>
          </params>
          <reporter-output>
          </reporter-output>
        </test-method> <!-- beforeMethod -->
        <test-method signature="testPatchUserJob()[pri:0, instance:com.api.tests.users.CreateUpdateDeleteUserTest@5e905f2c]" started-at="2026-03-23T10:08:10 IST" name="testPatchUserJob" description="PATCH /users/{id} — partial update of job field" finished-at="2026-03-23T10:08:10 IST" duration-ms="271" status="PASS">
          <reporter-output>
          </reporter-output>
        </test-method> <!-- testPatchUserJob -->
        <test-method is-config="true" signature="afterMethod(org.testng.ITestResult)[pri:0, instance:com.api.tests.users.CreateUpdateDeleteUserTest@5e905f2c]" started-at="2026-03-23T10:08:10 IST" name="afterMethod" finished-at="2026-03-23T10:08:10 IST" duration-ms="1" status="PASS">
          <params>
            <param index="0">
              <value>
                <![CDATA[[TestResult name=testPatchUserJob status=SUCCESS method=CreateUpdateDeleteUserTest.testPatchUserJob()[pri:0, instance:com.api.tests.users.CreateUpdateDeleteUserTest@5e905f2c] output={null}]]]>
              </value>
            </param>
          </params>
          <reporter-output>
          </reporter-output>
        </test-method> <!-- afterMethod -->
        <test-method is-config="true" signature="beforeMethod(java.lang.reflect.Method)[pri:0, instance:com.api.tests.users.CreateUpdateDeleteUserTest@5e905f2c]" started-at="2026-03-23T10:08:10 IST" name="beforeMethod" finished-at="2026-03-23T10:08:10 IST" duration-ms="0" status="PASS">
          <params>
            <param index="0">
              <value>
                <![CDATA[public void com.api.tests.users.CreateUpdateDeleteUserTest.testPatchUserName()]]>
              </value>
            </param>
          </params>
          <reporter-output>
          </reporter-output>
        </test-method> <!-- beforeMethod -->
        <test-method signature="testPatchUserName()[pri:0, instance:com.api.tests.users.CreateUpdateDeleteUserTest@5e905f2c]" started-at="2026-03-23T10:08:10 IST" name="testPatchUserName" description="PATCH /users/{id} — partial update of name field" finished-at="2026-03-23T10:08:10 IST" duration-ms="221" status="PASS">
          <reporter-output>
          </reporter-output>
        </test-method> <!-- testPatchUserName -->
        <test-method is-config="true" signature="afterMethod(org.testng.ITestResult)[pri:0, instance:com.api.tests.users.CreateUpdateDeleteUserTest@5e905f2c]" started-at="2026-03-23T10:08:10 IST" name="afterMethod" finished-at="2026-03-23T10:08:10 IST" duration-ms="1" status="PASS">
          <params>
            <param index="0">
              <value>
                <![CDATA[[TestResult name=testPatchUserName status=SUCCESS method=CreateUpdateDeleteUserTest.testPatchUserName()[pri:0, instance:com.api.tests.users.CreateUpdateDeleteUserTest@5e905f2c] output={null}]]]>
              </value>
            </param>
          </params>
          <reporter-output>
          </reporter-output>
        </test-method> <!-- afterMethod -->
        <test-method is-config="true" signature="beforeMethod(java.lang.reflect.Method)[pri:0, instance:com.api.tests.users.CreateUpdateDeleteUserTest@5e905f2c]" started-at="2026-03-23T10:08:10 IST" name="beforeMethod" finished-at="2026-03-23T10:08:10 IST" duration-ms="1" status="PASS">
          <params>
            <param index="0">
              <value>
                <![CDATA[public void com.api.tests.users.CreateUpdateDeleteUserTest.testPutResponseReflectsPayload()]]>
              </value>
            </param>
          </params>
          <reporter-output>
          </reporter-output>
        </test-method> <!-- beforeMethod -->
        <test-method signature="testPutResponseReflectsPayload()[pri:0, instance:com.api.tests.users.CreateUpdateDeleteUserTest@5e905f2c]" started-at="2026-03-23T10:08:10 IST" name="testPutResponseReflectsPayload" description="PUT /users/{id} — response body reflects sent values" finished-at="2026-03-23T10:08:11 IST" duration-ms="395" status="PASS">
          <reporter-output>
          </reporter-output>
        </test-method> <!-- testPutResponseReflectsPayload -->
        <test-method is-config="true" signature="afterMethod(org.testng.ITestResult)[pri:0, instance:com.api.tests.users.CreateUpdateDeleteUserTest@5e905f2c]" started-at="2026-03-23T10:08:11 IST" name="afterMethod" finished-at="2026-03-23T10:08:11 IST" duration-ms="1" status="PASS">
          <params>
            <param index="0">
              <value>
                <![CDATA[[TestResult name=testPutResponseReflectsPayload status=SUCCESS method=CreateUpdateDeleteUserTest.testPutResponseReflectsPayload()[pri:0, instance:com.api.tests.users.CreateUpdateDeleteUserTest@5e905f2c] output={null}]]]>
              </value>
            </param>
          </params>
          <reporter-output>
          </reporter-output>
        </test-method> <!-- afterMethod -->
        <test-method is-config="true" signature="beforeMethod(java.lang.reflect.Method)[pri:0, instance:com.api.tests.users.CreateUpdateDeleteUserTest@5e905f2c]" started-at="2026-03-23T10:08:11 IST" name="beforeMethod" finished-at="2026-03-23T10:08:11 IST" duration-ms="0" status="PASS">
          <params>
            <param index="0">
              <value>
                <![CDATA[public void com.api.tests.users.CreateUpdateDeleteUserTest.testUpdateUserWithPut()]]>
              </value>
            </param>
          </params>
          <reporter-output>
          </reporter-output>
        </test-method> <!-- beforeMethod -->
        <test-method signature="testUpdateUserWithPut()[pri:0, instance:com.api.tests.users.CreateUpdateDeleteUserTest@5e905f2c]" started-at="2026-03-23T10:08:11 IST" name="testUpdateUserWithPut" description="PUT /users/{id} — verify 200 and updatedAt in response" finished-at="2026-03-23T10:08:11 IST" duration-ms="268" status="PASS">
          <reporter-output>
          </reporter-output>
        </test-method> <!-- testUpdateUserWithPut -->
        <test-method is-config="true" signature="afterMethod(org.testng.ITestResult)[pri:0, instance:com.api.tests.users.CreateUpdateDeleteUserTest@5e905f2c]" started-at="2026-03-23T10:08:11 IST" name="afterMethod" finished-at="2026-03-23T10:08:11 IST" duration-ms="1" status="PASS">
          <params>
            <param index="0">
              <value>
                <![CDATA[[TestResult name=testUpdateUserWithPut status=SUCCESS method=CreateUpdateDeleteUserTest.testUpdateUserWithPut()[pri:0, instance:com.api.tests.users.CreateUpdateDeleteUserTest@5e905f2c] output={null}]]]>
              </value>
            </param>
          </params>
          <reporter-output>
          </reporter-output>
        </test-method> <!-- afterMethod -->
        <test-method is-config="true" signature="afterClass()[pri:0, instance:com.api.tests.users.CreateUpdateDeleteUserTest@5e905f2c]" started-at="2026-03-23T10:08:11 IST" name="afterClass" finished-at="2026-03-23T10:08:11 IST" duration-ms="1" status="PASS">
          <reporter-output>
          </reporter-output>
        </test-method> <!-- afterClass -->
      </class> <!-- com.api.tests.users.CreateUpdateDeleteUserTest -->
    </test> <!-- User Create-Update-Delete Tests -->
    <test started-at="2026-03-23T10:08:11 IST" name="Resources Tests" finished-at="2026-03-23T10:08:13 IST" duration-ms="1847">
      <class name="com.api.tests.users.ResourcesTest">
        <test-method is-config="true" signature="beforeClass()[pri:0, instance:com.api.tests.users.ResourcesTest@486bd064]" started-at="2026-03-23T10:08:11 IST" name="beforeClass" finished-at="2026-03-23T10:08:11 IST" duration-ms="1" status="PASS">
          <reporter-output>
          </reporter-output>
        </test-method> <!-- beforeClass -->
        <test-method is-config="true" signature="beforeMethod(java.lang.reflect.Method)[pri:0, instance:com.api.tests.users.ResourcesTest@486bd064]" started-at="2026-03-23T10:08:11 IST" name="beforeMethod" finished-at="2026-03-23T10:08:11 IST" duration-ms="1" status="PASS">
          <params>
            <param index="0">
              <value>
                <![CDATA[public void com.api.tests.users.ResourcesTest.testGetInvalidResourceReturns404()]]>
[...]
              </value>
            </param>
          </params>
          <reporter-output>
          </reporter-output>
        </test-method> <!-- afterMethod -->
        <test-method is-config="true" signature="beforeMethod(java.lang.reflect.Method)[pri:0, instance:com.api.tests.users.AdvancedRestAssuredTest@5bfc79cb]" started-at="2026-03-23T10:08:29 IST" name="beforeMethod" finished-at="2026-03-23T10:08:29 IST" duration-ms="1" status="PASS">
          <params>
            <param index="0">
              <value>
                <![CDATA[public void com.api.tests.users.AdvancedRestAssuredTest.testGPathMaxUserId()]]>
              </value>
            </param>
          </params>
          <reporter-output>
          </reporter-output>
        </test-method> <!-- beforeMethod -->
        <test-method signature="testGPathMaxUserId()[pri:0, instance:com.api.tests.users.AdvancedRestAssuredTest@5bfc79cb]" started-at="2026-03-23T10:08:29 IST" name="testGPathMaxUserId" description="Use GPath to find max user id in the list" finished-at="2026-03-23T10:08:29 IST" duration-ms="232" status="PASS">
          <reporter-output>
          </reporter-output>
        </test-method> <!-- testGPathMaxUserId -->
        <test-method is-config="true" signature="afterMethod(org.testng.ITestResult)[pri:0, instance:com.api.tests.users.AdvancedRestAssuredTest@5bfc79cb]" started-at="2026-03-23T10:08:29 IST" name="afterMethod" finished-at="2026-03-23T10:08:29 IST" duration-ms="1" status="PASS">
          <params>
            <param index="0">
              <value>
                <![CDATA[[TestResult name=testGPathMaxUserId status=SUCCESS method=AdvancedRestAssuredTest.testGPathMaxUserId()[pri:0, instance:com.api.tests.users.AdvancedRestAssuredTest@5bfc79cb] output={null}]]]>
              </value>
            </param>
          </params>
          <reporter-output>
          </reporter-output>
        </test-method> <!-- afterMethod -->
        <test-method is-config="true" signature="beforeMethod(java.lang.reflect.Method)[pri:0, instance:com.api.tests.users.AdvancedRestAssuredTest@5bfc79cb]" started-at="2026-03-23T10:08:29 IST" name="beforeMethod" finished-at="2026-03-23T10:08:29 IST" duration-ms="1" status="PASS">
          <params>
            <param index="0">
              <value>
                <![CDATA[public void com.api.tests.users.AdvancedRestAssuredTest.testMultipleExtractionMethods()]]>
              </value>
            </param>
          </params>
          <reporter-output>
          </reporter-output>
        </test-method> <!-- beforeMethod -->
        <test-method signature="testMultipleExtractionMethods()[pri:0, instance:com.api.tests.users.AdvancedRestAssuredTest@5bfc79cb]" started-at="2026-03-23T10:08:29 IST" name="testMultipleExtractionMethods" description="Extract response values using .path(), .jsonPath(), .as()" finished-at="2026-03-23T10:08:30 IST" duration-ms="279" status="PASS">
          <reporter-output>
          </reporter-output>
        </test-method> <!-- testMultipleExtractionMethods -->
        <test-method is-config="true" signature="afterMethod(org.testng.ITestResult)[pri:0, instance:com.api.tests.users.AdvancedRestAssuredTest@5bfc79cb]" started-at="2026-03-23T10:08:30 IST" name="afterMethod" finished-at="2026-03-23T10:08:30 IST" duration-ms="1" status="PASS">
          <params>
            <param index="0">
              <value>
                <![CDATA[[TestResult name=testMultipleExtractionMethods status=SUCCESS method=AdvancedRestAssuredTest.testMultipleExtractionMethods()[pri:0, instance:com.api.tests.users.AdvancedRestAssuredTest@5bfc79cb] output={null}]]]>
              </value>
            </param>
          </params>
          <reporter-output>
          </reporter-output>
        </test-method> <!-- afterMethod -->
        <test-method is-config="true" signature="beforeMethod(java.lang.reflect.Method)[pri:0, instance:com.api.tests.users.AdvancedRestAssuredTest@5bfc79cb]" started-at="2026-03-23T10:08:30 IST" name="beforeMethod" finished-at="2026-03-23T10:08:30 IST" duration-ms="1" status="PASS">
          <params>
            <param index="0">
              <value>
                <![CDATA[public void com.api.tests.users.AdvancedRestAssuredTest.testMultipleQueryParams()]]>
              </value>
            </param>
          </params>
          <reporter-output>
          </reporter-output>
        </test-method> <!-- beforeMethod -->
        <test-method signature="testMultipleQueryParams()[pri:0, instance:com.api.tests.users.AdvancedRestAssuredTest@5bfc79cb]" started-at="2026-03-23T10:08:30 IST" name="testMultipleQueryParams" description="Send multiple query params in a single request" finished-at="2026-03-23T10:08:30 IST" duration-ms="228" status="PASS">
          <reporter-output>
          </reporter-output>
        </test-method> <!-- testMultipleQueryParams -->
        <test-method is-config="true" signature="afterMethod(org.testng.ITestResult)[pri:0, instance:com.api.tests.users.AdvancedRestAssuredTest@5bfc79cb]" started-at="2026-03-23T10:08:30 IST" name="afterMethod" finished-at="2026-03-23T10:08:30 IST" duration-ms="1" status="PASS">
          <params>
            <param index="0">
              <value>
                <![CDATA[[TestResult name=testMultipleQueryParams status=SUCCESS method=AdvancedRestAssuredTest.testMultipleQueryParams()[pri:0, instance:com.api.tests.users.AdvancedRestAssuredTest@5bfc79cb] output={null}]]]>
              </value>
            </param>
          </params>
          <reporter-output>
          </reporter-output>
        </test-method> <!-- afterMethod -->
        <test-method is-config="true" signature="beforeMethod(java.lang.reflect.Method)[pri:0, instance:com.api.tests.users.AdvancedRestAssuredTest@5bfc79cb]" started-at="2026-03-23T10:08:30 IST" name="beforeMethod" finished-at="2026-03-23T10:08:30 IST" duration-ms="0" status="PASS">
          <params>
            <param index="0">
              <value>
                <![CDATA[public void com.api.tests.users.AdvancedRestAssuredTest.testRelaxedHttpsSpec()]]>
              </value>
            </param>
          </params>
          <reporter-output>
          </reporter-output>
        </test-method> <!-- beforeMethod -->
        <test-method signature="testRelaxedHttpsSpec()[pri:0, instance:com.api.tests.users.AdvancedRestAssuredTest@5bfc79cb]" started-at="2026-03-23T10:08:30 IST" name="testRelaxedHttpsSpec" description="GET users using relaxed HTTPS spec — no cert validation" finished-at="2026-03-23T10:08:30 IST" duration-ms="376" status="FAIL">
          <exception class="java.lang.AssertionError">
            <message>
              <![CDATA[[Status code mismatch] 
expected: 200
 but was: 403]]>
            </message>
            <full-stacktrace>
              <![CDATA[java.lang.AssertionError: [Status code mismatch] 
expected: 200
 but was: 403
at com.api.framework.utils.ResponseValidator.validateStatusCode(ResponseValidator.java:31)
at com.api.framework.utils.ResponseValidator.validateStatusCode200(ResponseValidator.java:35)
at com.api.tests.users.AdvancedRestAssuredTest.testRelaxedHttpsSpec(AdvancedRestAssuredTest.java:208)
at java.base/jdk.internal.reflect.NativeMethodAccessorImpl.invoke0(Native Method)
at java.base/jdk.internal.reflect.NativeMethodAccessorImpl.invoke(NativeMethodAccessorImpl.java:62)
at java.base/jdk.internal.reflect.DelegatingMethodAccessorImpl.invoke(DelegatingMethodAccessorImpl.java:43)
at java.base/java.lang.reflect.Method.invoke(Method.java:566)
at org.testng.internal.invokers.MethodInvocationHelper.invokeMethod(MethodInvocationHelper.java:139)
at org.testng.internal.invokers.TestInvoker.invokeMethod(TestInvoker.java:664)
at org.testng.internal.invokers.TestInvoker.invokeTestMethod(TestInvoker.java:228)
at org.testng.internal.invokers.MethodRunner.runInSequence(MethodRunner.java:63)
at org.testng.internal.invokers.TestInvoker$MethodInvocationAgent.invoke(TestInvoker.java:961)
at org.testng.internal.invokers.TestInvoker.invokeTestMethods(TestInvoker.java:201)
at org.testng.internal.invokers.TestMethodWorker.invokeTestMethods(TestMethodWorker.java:148)
at org.testng.internal.invokers.TestMethodWorker.run(TestMethodWorker.java:128)
at java.base/java.util.concurrent.Executors$RunnableAdapter.call(Executors.java:515)
at java.base/java.util.concurrent.FutureTask.run(FutureTask.java:264)
at org.testng.internal.thread.graph.TestNGFutureTask.run(TestNGFutureTask.java:22)
at java.base/java.util.concurrent.ThreadPoolExecutor.runWorker(ThreadPoolExecutor.java:1128)
at java.base/java.util.concurrent.ThreadPoolExecutor$Worker.run(ThreadPoolExecutor.java:628)
at java.base/java.lang.Thread.run(Thread.java:834)
]]>
            </full-stacktrace>
          </exception> <!-- java.lang.AssertionError -->
          <reporter-output>
          </reporter-output>
        </test-method> <!-- testRelaxedHttpsSpec -->
        <test-method is-config="true" signature="afterMethod(org.testng.ITestResult)[pri:0, instance:com.api.tests.users.AdvancedRestAssuredTest@5bfc79cb]" started-at="2026-03-23T10:08:30 IST" name="afterMethod" finished-at="2026-03-23T10:08:30 IST" duration-ms="1" status="PASS">
          <params>
            <param index="0">
              <value>
                <![CDATA[[TestResult name=testRelaxedHttpsSpec status=FAILURE method=AdvancedRestAssuredTest.testRelaxedHttpsSpec()[pri:0, instance:com.api.tests.users.AdvancedRestAssuredTest@5bfc79cb] output={null}]]]>
              </value>
            </param>
          </params>
          <reporter-output>
          </reporter-output>
        </test-method> <!-- afterMethod -->
        <test-method is-config="true" signature="beforeMethod(java.lang.reflect.Method)[pri:0, instance:com.api.tests.users.AdvancedRestAssuredTest@5bfc79cb]" started-at="2026-03-23T10:08:30 IST" name="beforeMethod" finished-at="2026-03-23T10:08:30 IST" duration-ms="1" status="PASS">
          <params>
            <param index="0">
              <value>
                <![CDATA[public void com.api.tests.users.AdvancedRestAssuredTest.testResponseBodyIsValidJson()]]>
              </value>
            </param>
          </params>
          <reporter-output>
          </reporter-output>
        </test-method> <!-- beforeMethod -->
        <test-method signature="testResponseBodyIsValidJson()[pri:0, instance:com.api.tests.users.AdvancedRestAssuredTest@5bfc79cb]" started-at="2026-03-23T10:08:30 IST" name="testResponseBodyIsValidJson" description="Verify response body is valid JSON" finished-at="2026-03-23T10:08:31 IST" duration-ms="215" status="PASS">
          <reporter-output>
          </reporter-output>
        </test-method> <!-- testResponseBodyIsValidJson -->
        <test-method is-config="true" signature="afterMethod(org.testng.ITestResult)[pri:0, instance:com.api.tests.users.AdvancedRestAssuredTest@5bfc79cb]" started-at="2026-03-23T10:08:31 IST" name="afterMethod" finished-at="2026-03-23T10:08:31 IST" duration-ms="1" status="PASS">
          <params>
            <param index="0">
              <value>
                <![CDATA[[TestResult name=testResponseBodyIsValidJson status=SUCCESS method=AdvancedRestAssuredTest.testResponseBodyIsValidJson()[pri:0, instance:com.api.tests.users.AdvancedRestAssuredTest@5bfc79cb] output={null}]]]>
              </value>
            </param>
          </params>
          <reporter-output>
          </reporter-output>
        </test-method> <!-- afterMethod -->
        <test-method is-config="true" signature="beforeMethod(java.lang.reflect.Method)[pri:0, instance:com.api.tests.users.AdvancedRestAssuredTest@5bfc79cb]" started-at="2026-03-23T10:08:31 IST" name="beforeMethod" finished-at="2026-03-23T10:08:31 IST" duration-ms="1" status="PASS">
          <params>
            <param index="0">
              <value>
                <![CDATA[public void com.api.tests.users.AdvancedRestAssuredTest.testResponseHeaderExtraction()]]>
              </value>
            </param>
          </params>
          <reporter-output>
          </reporter-output>
        </test-method> <!-- beforeMethod -->
        <test-method signature="testResponseHeaderExtraction()[pri:0, instance:com.api.tests.users.AdvancedRestAssuredTest@5bfc79cb]" started-at="2026-03-23T10:08:31 IST" name="testResponseHeaderExtraction" description="Extract and assert response headers" finished-at="2026-03-23T10:08:31 IST" duration-ms="227" status="PASS">
          <reporter-output>
          </reporter-output>
        </test-method> <!-- testResponseHeaderExtraction -->
        <test-method is-config="true" signature="afterMethod(org.testng.ITestResult)[pri:0, instance:com.api.tests.users.AdvancedRestAssuredTest@5bfc79cb]" started-at="2026-03-23T10:08:31 IST" name="afterMethod" finished-at="2026-03-23T10:08:31 IST" duration-ms="1" status="PASS">
          <params>
            <param index="0">
              <value>
                <![CDATA[[TestResult name=testResponseHeaderExtraction status=SUCCESS method=AdvancedRestAssuredTest.testResponseHeaderExtraction()[pri:0, instance:com.api.tests.users.AdvancedRestAssuredTest@5bfc79cb] output={null}]]]>
              </value>
            </param>
          </params>
          <reporter-output>
          </reporter-output>
        </test-method> <!-- afterMethod -->
        <test-method is-config="true" signature="beforeMethod(java.lang.reflect.Method)[pri:0, instance:com.api.tests.users.AdvancedRestAssuredTest@5bfc79cb]" started-at="2026-03-23T10:08:31 IST" name="beforeMethod" finished-at="2026-03-23T10:08:31 IST" duration-ms="0" status="PASS">
          <params>
            <param index="0">
              <value>
                <![CDATA[public void com.api.tests.users.AdvancedRestAssuredTest.testResponseTimeInMilliseconds()]]>
              </value>
            </param>
          </params>
          <reporter-output>
          </reporter-output>
        </test-method> <!-- beforeMethod -->
        <test-method signature="testResponseTimeInMilliseconds()[pri:0, instance:com.api.tests.users.AdvancedRestAssuredTest@5bfc79cb]" started-at="2026-03-23T10:08:31 IST" name="testResponseTimeInMilliseconds" description="Assert response time using TimeUnit conversion" finished-at="2026-03-23T10:08:31 IST" duration-ms="210" status="PASS">
          <reporter-output>
          </reporter-output>
        </test-method> <!-- testResponseTimeInMilliseconds -->
        <test-method is-config="true" signature="afterMethod(org.testng.ITestResult)[pri:0, instance:com.api.tests.users.AdvancedRestAssuredTest@5bfc79cb]" started-at="2026-03-23T10:08:31 IST" name="afterMethod" finished-at="2026-03-23T10:08:31 IST" duration-ms="0" status="PASS">
          <params>
            <param index="0">
              <value>
                <![CDATA[[TestResult name=testResponseTimeInMilliseconds status=SUCCESS method=AdvancedRestAssuredTest.testResponseTimeInMilliseconds()[pri:0, instance:com.api.tests.users.AdvancedRestAssuredTest@5bfc79cb] output={null}]]]>
              </value>
            </param>
          </params>
          <reporter-output>
          </reporter-output>
        </test-method> <!-- afterMethod -->
        <test-method is-config="true" signature="beforeMethod(java.lang.reflect.Method)[pri:0, instance:com.api.tests.users.AdvancedRestAssuredTest@5bfc79cb]" started-at="2026-03-23T10:08:31 IST" name="beforeMethod" finished-at="2026-03-23T10:08:31 IST" duration-ms="1" status="PASS">
          <params>
            <param index="0">
              <value>
                <![CDATA[public void com.api.tests.users.AdvancedRestAssuredTest.testUserListResponseMatchesJsonSchema()]]>
              </value>
            </param>
          </params>
          <reporter-output>
          </reporter-output>
        </test-method> <!-- beforeMethod -->
        <test-method signature="testUserListResponseMatchesJsonSchema()[pri:0, instance:com.api.tests.users.AdvancedRestAssuredTest@5bfc79cb]" started-at="2026-03-23T10:08:31 IST" name="testUserListResponseMatchesJsonSchema" description="Validate GET /users list response against JSON schema" finished-at="2026-03-23T10:08:33 IST" duration-ms="1744" status="PASS">
          <reporter-output>
          </reporter-output>
        </test-method> <!-- testUserListResponseMatchesJsonSchema -->
        <test-method is-config="true" signature="afterMethod(org.testng.ITestResult)[pri:0, instance:com.api.tests.users.AdvancedRestAssuredTest@5bfc79cb]" started-at="2026-03-23T10:08:33 IST" name="afterMethod" finished-at="2026-03-23T10:08:33 IST" duration-ms="1" status="PASS">
          <params>
            <param index="0">
              <value>
                <![CDATA[[TestResult name=testUserListResponseMatchesJsonSchema status=SUCCESS method=AdvancedRestAssuredTest.testUserListResponseMatchesJsonSchema()[pri:0, instance:com.api.tests.users.AdvancedRestAssuredTest@5bfc79cb] output={null}]]]>
              </value>
            </param>
          </params>
          <reporter-output>
          </reporter-output>
        </test-method> <!-- afterMethod -->
        <test-method is-config="true" signature="beforeMethod(java.lang.reflect.Method)[pri:0, instance:com.api.tests.users.AdvancedRestAssuredTest@5bfc79cb]" started-at="2026-03-23T10:08:33 IST" name="beforeMethod" finished-at="2026-03-23T10:08:33 IST" duration-ms="1" status="PASS">
          <params>
            <param index="0">
              <value>
                <![CDATA[public void com.api.tests.users.AdvancedRestAssuredTest.testUserResponseMatchesJsonSchema()]]>
              </value>
            </param>
          </params>
          <reporter-output>
          </reporter-output>
        </test-method> <!-- beforeMethod -->
        <test-method signature="testUserResponseMatchesJsonSchema()[pri:0, instance:com.api.tests.users.AdvancedRestAssuredTest@5bfc79cb]" started-at="2026-03-23T10:08:33 IST" name="testUserResponseMatchesJsonSchema" description="Validate GET /users/{id} response against JSON schema" finished-at="2026-03-23T10:08:33 IST" duration-ms="224" status="PASS">
          <reporter-output>
          </reporter-output>
        </test-method> <!-- testUserResponseMatchesJsonSchema -->
        <test-method is-config="true" signature="afterMethod(org.testng.ITestResult)[pri:0, instance:com.api.tests.users.AdvancedRestAssuredTest@5bfc79cb]" started-at="2026-03-23T10:08:33 IST" name="afterMethod" finished-at="2026-03-23T10:08:33 IST" duration-ms="1" status="PASS">
          <params>
            <param index="0">
              <value>
                <![CDATA[[TestResult name=testUserResponseMatchesJsonSchema status=SUCCESS method=AdvancedRestAssuredTest.testUserResponseMatchesJsonSchema()[pri:0, instance:com.api.tests.users.AdvancedRestAssuredTest@5bfc79cb] output={null}]]]>
              </value>
            </param>
          </params>
          <reporter-output>
          </reporter-output>
        </test-method> <!-- afterMethod -->
        <test-method is-config="true" signature="afterClass()[pri:0, instance:com.api.tests.users.AdvancedRestAssuredTest@5bfc79cb]" started-at="2026-03-23T10:08:33 IST" name="afterClass" finished-at="2026-03-23T10:08:33 IST" duration-ms="1" status="PASS">
          <reporter-output>
          </reporter-output>
        </test-method> <!-- afterClass -->
        <test-method is-config="true" signature="afterSuite()[pri:0, instance:com.api.tests.users.AdvancedRestAssuredTest@5bfc79cb]" started-at="2026-03-23T10:08:33 IST" name="afterSuite" finished-at="2026-03-23T10:08:33 IST" duration-ms="287" status="PASS">
          <reporter-output>
          </reporter-output>
        </test-method> <!-- afterSuite -->
      </class> <!-- com.api.tests.users.AdvancedRestAssuredTest -->
    </test> <!-- Advanced RestAssured Tests -->
  </suite> <!-- RestAssured API Automation Suite -->
</testng-results>
