<?xml version="1.0" encoding="UTF-8"?>
<!-- Generated by org.testng.reporters.JUnitReportReporter -->
<testsuite hostname="LAPTOP-71D16QSE" failures="0" tests="13" name="com.api.tests.users.CreateUpdateDeleteUserTest" time="3.894" errors="0" timestamp="2026-03-23T10:08:34 IST" skipped="0">
  <testcase classname="com.api.tests.users.CreateUpdateDeleteUserTest" name="testDeleteMultipleUsersReturn204" time="0.625"/>
  <testcase classname="com.api.tests.users.CreateUpdateDeleteUserTest" name="testCreateUserWithMapBody" time="0.240"/>
  <testcase classname="com.api.tests.users.CreateUpdateDeleteUserTest" name="testCreateUserWithPojo" time="0.284"/>
  <testcase classname="com.api.tests.users.CreateUpdateDeleteUserTest" name="testCreateUserIdsAreUnique" time="0.457"/>
  <testcase classname="com.api.tests.users.CreateUpdateDeleteUserTest" name="testPutResponseReflectsPayload" time="0.398"/>
  <testcase classname="com.api.tests.users.CreateUpdateDeleteUserTest" name="testCreateUserWithRawJson" time="0.227"/>
  <testcase classname="com.api.tests.users.CreateUpdateDeleteUserTest" name="testUpdateUserWithPut" time="0.270"/>
  <testcase classname="com.api.tests.users.CreateUpdateDeleteUserTest" name="testCreateUserCreatedAtNotBlank" time="0.252"/>
  <testcase classname="com.api.tests.users.CreateUpdateDeleteUserTest" name="testPatchUserJob" time="0.272"/>
  <testcase classname="com.api.tests.users.CreateUpdateDeleteUserTest" name="testCreateUserWithEmptyBody" time="0.215"/>
  <testcase classname="com.api.tests.users.CreateUpdateDeleteUserTest" name="testPatchUserName" time="0.221"/>
  <testcase classname="com.api.tests.users.CreateUpdateDeleteUserTest" name="testCreateUserDeserializationToPojo" time="0.218"/>
  <testcase classname="com.api.tests.users.CreateUpdateDeleteUserTest" name="testDeleteUserReturns204" time="0.215"/>
</testsuite> <!-- com.api.tests.users.CreateUpdateDeleteUserTest -->
