<?xml version="1.0" encoding="UTF-8"?>
<!-- Generated by org.testng.reporters.JUnitReportReporter -->
<testsuite hostname="LAPTOP-71D16QSE" failures="1" tests="13" name="com.api.tests.users.AdvancedRestAssuredTest" time="4.751" errors="0" timestamp="2026-03-23T10:08:34 IST" skipped="0">
  <testcase classname="com.api.tests.users.AdvancedRestAssuredTest" name="testChainedThenAssertions" time="0.352"/>
  <testcase classname="com.api.tests.users.AdvancedRestAssuredTest" name="testCustomLoggingFilterCapturesOutput" time="0.216"/>
  <testcase classname="com.api.tests.users.AdvancedRestAssuredTest" name="testResponseHeaderExtraction" time="0.228"/>
  <testcase classname="com.api.tests.users.AdvancedRestAssuredTest" name="testCustomRequestHeaders" time="0.214"/>
  <testcase classname="com.api.tests.users.AdvancedRestAssuredTest" name="testUserResponseMatchesJsonSchema" time="0.226"/>
  <testcase classname="com.api.tests.users.AdvancedRestAssuredTest" name="testGPathMaxUserId" time="0.234"/>
  <testcase classname="com.api.tests.users.AdvancedRestAssuredTest" name="testMultipleExtractionMethods" time="0.281"/>
  <testcase classname="com.api.tests.users.AdvancedRestAssuredTest" name="testErrorFieldAbsentInSuccessResponse" time="0.219"/>
  <testcase classname="com.api.tests.users.AdvancedRestAssuredTest" name="testResponseBodyIsValidJson" time="0.217"/>
  <testcase classname="com.api.tests.users.AdvancedRestAssuredTest" name="testUserListResponseMatchesJsonSchema" time="1.746"/>
  <testcase classname="com.api.tests.users.AdvancedRestAssuredTest" name="testResponseTimeInMilliseconds" time="0.212"/>
  <testcase classname="com.api.tests.users.AdvancedRestAssuredTest" name="testMultipleQueryParams" time="0.230"/>
  <testcase classname="com.api.tests.users.AdvancedRestAssuredTest" name="testRelaxedHttpsSpec" time="0.376">
    <failure message="[Status code mismatch] 
expected: 200
 but was: 403" type="java.lang.AssertionError">
      <![CDATA[java.lang.AssertionError: [Status code mismatch] 
expected: 200
 but was: 403
at com.api.framework.utils.ResponseValidator.validateStatusCode(ResponseValidator.java:31)
at com.api.framework.utils.ResponseValidator.validateStatusCode200(ResponseValidator.java:35)
at com.api.tests.users.AdvancedRestAssuredTest.testRelaxedHttpsSpec(AdvancedRestAssuredTest.java:208)
at java.base/jdk.internal.reflect.NativeMethodAccessorImpl.invoke0(Native Method)
at java.base/jdk.internal.reflect.NativeMethodAccessorImpl.invoke(NativeMethodAccessorImpl.java:62)
at java.base/jdk.internal.reflect.DelegatingMethodAccessorImpl.invoke(DelegatingMethodAccessorImpl.java:43)
at java.base/java.lang.reflect.Method.invoke(Method.java:566)
at org.testng.internal.invokers.MethodInvocationHelper.invokeMethod(MethodInvocationHelper.java:139)
at org.testng.internal.invokers.TestInvoker.invokeMethod(TestInvoker.java:664)
at org.testng.internal.invokers.TestInvoker.invokeTestMethod(TestInvoker.java:228)
at org.testng.internal.invokers.MethodRunner.runInSequence(MethodRunner.java:63)
at org.testng.internal.invokers.TestInvoker$MethodInvocationAgent.invoke(TestInvoker.java:961)
at org.testng.internal.invokers.TestInvoker.invokeTestMethods(TestInvoker.java:201)
at org.testng.internal.invokers.TestMethodWorker.invokeTestMethods(TestMethodWorker.java:148)
at org.testng.internal.invokers.TestMethodWorker.run(TestMethodWorker.java:128)
at java.base/java.util.concurrent.Executors$RunnableAdapter.call(Executors.java:515)
at java.base/java.util.concurrent.FutureTask.run(FutureTask.java:264)
at org.testng.internal.thread.graph.TestNGFutureTask.run(TestNGFutureTask.java:22)
at java.base/java.util.concurrent.ThreadPoolExecutor.runWorker(ThreadPoolExecutor.java:1128)
at java.base/java.util.concurrent.ThreadPoolExecutor$Worker.run(ThreadPoolExecutor.java:628)
at java.base/java.lang.Thread.run(Thread.java:834)
]]>
    </failure>
  </testcase> <!-- testRelaxedHttpsSpec -->
</testsuite> <!-- com.api.tests.users.AdvancedRestAssuredTest -->
