<?xml version="1.0" encoding="UTF-8"?>
<!-- Generated by org.testng.reporters.JUnitReportReporter -->
<testsuite hostname="LAPTOP-71D16QSE" failures="0" tests="21" name="com.api.tests.posts.PostsTest" time="14.840" errors="0" timestamp="2026-03-23T10:08:34 IST" skipped="0">
  <testcase classname="com.api.tests.posts.PostsTest" name="testAllPostsHaveRequiredFields" time="0.535"/>
  <testcase classname="com.api.tests.posts.PostsTest" name="testCreatePostDeserializeToPojo" time="0.621"/>
  <testcase classname="com.api.tests.posts.PostsTest" name="testCreatePostWithMap" time="0.606"/>
  <testcase classname="com.api.tests.posts.PostsTest" name="testGetAllPostsReturns100" time="0.466"/>
  <testcase classname="com.api.tests.posts.PostsTest" name="testCommentsHaveEmailField" time="0.555"/>
  <testcase classname="com.api.tests.posts.PostsTest" name="testGetPostByInvalidIdReturns404" time="0.397"/>
  <testcase classname="com.api.tests.posts.PostsTest" name="testGetPostByIdParameterized" time="0.496"/>
  <testcase classname="com.api.tests.posts.PostsTest" name="testGetPostsByUserId" time="0.421"/>
  <testcase classname="com.api.tests.posts.PostsTest" name="testGPathFilterPostsByUserId" time="0.462"/>
  <testcase classname="com.api.tests.posts.PostsTest" name="testCollectUniqueUserIds" time="0.532"/>
  <testcase classname="com.api.tests.posts.PostsTest" name="testGetPostByIdParameterized" time="0.422"/>
  <testcase classname="com.api.tests.posts.PostsTest" name="testPatchPost" time="0.805"/>
  <testcase classname="com.api.tests.posts.PostsTest" name="testDeletePost" time="1.287"/>
  <testcase classname="com.api.tests.posts.PostsTest" name="testExtractAllTitlesWithGPath" time="0.609"/>
  <testcase classname="com.api.tests.posts.PostsTest" name="testGetPostByIdParameterized" time="0.443"/>
  <testcase classname="com.api.tests.posts.PostsTest" name="testCommentsViaQueryParamVsNestedPath" time="0.875"/>
  <testcase classname="com.api.tests.posts.PostsTest" name="testCreatePost" time="0.818"/>
  <testcase classname="com.api.tests.posts.PostsTest" name="testGetCommentsForPost" time="0.530"/>
  <testcase classname="com.api.tests.posts.PostsTest" name="testGetPostSoftAssertions" time="2.788"/>
  <testcase classname="com.api.tests.posts.PostsTest" name="testUpdatePostWithPut" time="0.741"/>
  <testcase classname="com.api.tests.posts.PostsTest" name="testGetPostByIdParameterized" time="0.431"/>
</testsuite> <!-- com.api.tests.posts.PostsTest -->
