<?xml version="1.0" encoding="UTF-8"?>
<!-- Generated by org.testng.reporters.JUnitReportReporter -->
<testsuite hostname="LAPTOP-71D16QSE" failures="0" tests="15" name="com.api.tests.users.GetUsersTest" time="5.216" errors="0" timestamp="2026-03-23T10:08:34 IST" skipped="0">
  <testcase classname="com.api.tests.users.GetUsersTest" name="testGetUsersDataFieldsNotNull" time="0.402"/>
  <testcase classname="com.api.tests.users.GetUsersTest" name="testGetUsersDataListNotEmpty" time="0.320"/>
  <testcase classname="com.api.tests.users.GetUsersTest" name="testGetUsersPaginationFields" time="0.293"/>
  <testcase classname="com.api.tests.users.GetUsersTest" name="testGetUserByIdReturns200" time="0.478"/>
  <testcase classname="com.api.tests.users.GetUsersTest" name="testGetUsersPage2ReturnsDifferentData" time="0.634"/>
  <testcase classname="com.api.tests.users.GetUsersTest" name="testGetUsersPerPageParam" time="0.379"/>
  <testcase classname="com.api.tests.users.GetUsersTest" name="testGetUsersReturns200" time="0.238"/>
  <testcase classname="com.api.tests.users.GetUsersTest" name="testAllUserIdsArePositive" time="0.452"/>
  <testcase classname="com.api.tests.users.GetUsersTest" name="testGetUsersEmailFormat" time="0.244"/>
  <testcase classname="com.api.tests.users.GetUsersTest" name="testGetUsersSupportObject" time="0.243"/>
  <testcase classname="com.api.tests.users.GetUsersTest" name="testGetUserByIdDeserializationToPojo" time="0.244"/>
  <testcase classname="com.api.tests.users.GetUsersTest" name="testGetUserResponseTime" time="0.228"/>
  <testcase classname="com.api.tests.users.GetUsersTest" name="testGetUsersDeserializationToPojo" time="0.252"/>
  <testcase classname="com.api.tests.users.GetUsersTest" name="testGetUserAvatarIsHttpsUrl" time="0.413"/>
  <testcase classname="com.api.tests.users.GetUsersTest" name="testGetUserByInvalidIdReturns404" time="0.396"/>
</testsuite> <!-- com.api.tests.users.GetUsersTest -->
