<?xml version="1.0" encoding="UTF-8"?>
<!-- Generated by org.testng.reporters.JUnitReportReporter -->
<testsuite hostname="LAPTOP-71D16QSE" failures="0" tests="6" name="com.api.tests.users.ResourcesTest" time="1.775" errors="0" timestamp="2026-03-23T10:08:34 IST" skipped="0">
  <testcase classname="com.api.tests.users.ResourcesTest" name="testResourcesPaginationFields" time="0.297"/>
  <testcase classname="com.api.tests.users.ResourcesTest" name="testResourceFieldsExist" time="0.301"/>
  <testcase classname="com.api.tests.users.ResourcesTest" name="testGetResourcesReturns200" time="0.227"/>
  <testcase classname="com.api.tests.users.ResourcesTest" name="testGetInvalidResourceReturns404" time="0.352"/>
  <testcase classname="com.api.tests.users.ResourcesTest" name="testGetResourceById" time="0.380"/>
  <testcase classname="com.api.tests.users.ResourcesTest" name="testResourceColorFormat" time="0.218"/>
</testsuite> <!-- com.api.tests.users.ResourcesTest -->
